{"numFailedTestSuites":0,"numFailedTests":0,"numPassedTestSuites":38,"numPassedTests":160,"numPendingTestSuites":0,"numPendingTests":0,"numRuntimeErrorTestSuites":0,"numTodoTests":0,"numTotalTestSuites":38,"numTotalTests":160,"openHandles":[],"snapshot":{"added":0,"didUpdate":false,"failure":false,"filesAdded":0,"filesRemoved":0,"filesRemovedList":[],"filesUnmatched":0,"filesUpdated":0,"matched":0,"total":0,"unchecked":0,"uncheckedKeysByFile":[],"unmatched":0,"updated":0},"startTime":1764901389746,"success":true,"testResults":[{"assertionResults":[{"ancestorTitles":["Integration tests - generateTrivia endpoint"],"duration":25,"failing":false,"failureDetails":[],"failureMessages":[],"fullName":"Integration tests - generateTrivia endpoint should return 400 if topic is missing","invocations":1,"location":null,"numPassingAsserts":2,"retryReasons":[],"startAt":1764901391070,"status":"passed","title":"should return 400 if topic is missing"},{"ancestorTitles":["Integration tests - generateTrivia endpoint"],"duration":4,"failing":false,"failureDetails":[],"failureMessages":[],"fullName":"Integration tests - generateTrivia endpoint should return 400 if quantity is invalid","invocations":1,"location":null,"numPassingAsserts":2,"retryReasons":[],"startAt":1764901391096,"status":"passed","title":"should return 400 if quantity is invalid"},{"ancestorTitles":["Integration tests - generateTrivia endpoint"],"duration":21,"failing":false,"failureDetails":[],"failureMessages":[],"fullName":"Integration tests - generateTrivia endpoint should generate trivia successfully and save in DB","invocations":1,"location":null,"numPassingAsserts":7,"retryReasons":[],"startAt":1764901391100,"status":"passed","title":"should generate trivia successfully and save in DB"},{"ancestorTitles":["Integration tests - generateTrivia endpoint"],"duration":18,"failing":false,"failureDetails":[],"failureMessages":[],"fullName":"Integration tests - generateTrivia endpoint should handle multiple calls with different topics","invocations":1,"location":null,"numPassingAsserts":2,"retryReasons":[],"startAt":1764901391122,"status":"passed","title":"should handle multiple calls with different topics"},{"ancestorTitles":["Integration tests - generateTrivia endpoint"],"duration":3024,"failing":false,"failureDetails":[],"failureMessages":[],"fullName":"Integration tests - generateTrivia endpoint should retry generateQuestions until success","invocations":1,"location":null,"numPassingAsserts":2,"retryReasons":[],"startAt":1764901391140,"status":"passed","title":"should retry generateQuestions until success"},{"ancestorTitles":["Integration tests - generateTrivia endpoint"],"duration":10027,"failing":false,"failureDetails":[],"failureMessages":[],"fullName":"Integration tests - generateTrivia endpoint should return 500 if all retries fail","invocations":1,"location":null,"numPassingAsserts":2,"retryReasons":[],"startAt":1764901394164,"status":"passed","title":"should return 500 if all retries fail"},{"ancestorTitles":["Integration tests - generateTrivia endpoint"],"duration":6,"failing":false,"failureDetails":[],"failureMessages":[],"fullName":"Integration tests - generateTrivia endpoint should return 500 if saving trivia fails","invocations":1,"location":null,"numPassingAsserts":2,"retryReasons":[],"startAt":1764901404191,"status":"passed","title":"should return 500 if saving trivia fails"}],"endTime":1764901404278,"message":"","name":"C:\\Users\\jesjc\\OneDrive\\Documentos\\TrivIAndo\\triviando-backend\\tests\\trivia.test.ts","startTime":1764901389931,"status":"passed","summary":""},{"assertionResults":[{"ancestorTitles":["Authorization HTTP tests"],"duration":53,"failing":false,"failureDetails":[],"failureMessages":[],"fullName":"Authorization HTTP tests GET /rooms/:code returns 403 and logs when authenticated user is not a player or host","invocations":1,"location":null,"numPassingAsserts":3,"retryReasons":[],"startAt":1764901404881,"status":"passed","title":"GET /rooms/:code returns 403 and logs when authenticated user is not a player or host"},{"ancestorTitles":["Authorization HTTP tests"],"duration":14,"failing":false,"failureDetails":[],"failureMessages":[],"fullName":"Authorization HTTP tests GET /game-results/:code returns 403 and logs when authenticated user is not a player or host","invocations":1,"location":null,"numPassingAsserts":3,"retryReasons":[],"startAt":1764901404935,"status":"passed","title":"GET /game-results/:code returns 403 and logs when authenticated user is not a player or host"}],"endTime":1764901405020,"message":"","name":"C:\\Users\\jesjc\\OneDrive\\Documentos\\TrivIAndo\\triviando-backend\\tests\\authorization.http.test.ts","startTime":1764901404304,"status":"passed","summary":""},{"assertionResults":[{"ancestorTitles":["Room API integration tests"],"duration":42,"failing":false,"failureDetails":[],"failureMessages":[],"fullName":"Room API integration tests should create a room successfully","invocations":1,"location":null,"numPassingAsserts":7,"retryReasons":[],"startAt":1764901405571,"status":"passed","title":"should create a room successfully"},{"ancestorTitles":["Room API integration tests"],"duration":3,"failing":false,"failureDetails":[],"failureMessages":[],"fullName":"Room API integration tests should fail to create a room with invalid topic","invocations":1,"location":null,"numPassingAsserts":2,"retryReasons":[],"startAt":1764901405614,"status":"passed","title":"should fail to create a room with invalid topic"},{"ancestorTitles":["Room API integration tests"],"duration":4,"failing":false,"failureDetails":[],"failureMessages":[],"fullName":"Room API integration tests should fail to create a room with invalid quantity","invocations":1,"location":null,"numPassingAsserts":2,"retryReasons":[],"startAt":1764901405618,"status":"passed","title":"should fail to create a room with invalid quantity"},{"ancestorTitles":["Room API integration tests"],"duration":4,"failing":false,"failureDetails":[],"failureMessages":[],"fullName":"Room API integration tests should fail to create a room with invalid maxPlayers","invocations":1,"location":null,"numPassingAsserts":2,"retryReasons":[],"startAt":1764901405622,"status":"passed","title":"should fail to create a room with invalid maxPlayers"},{"ancestorTitles":["Room API integration tests"],"duration":7,"failing":false,"failureDetails":[],"failureMessages":[],"fullName":"Room API integration tests should join an existing room","invocations":1,"location":null,"numPassingAsserts":3,"retryReasons":[],"startAt":1764901405626,"status":"passed","title":"should join an existing room"},{"ancestorTitles":["Room API integration tests"],"duration":9,"failing":false,"failureDetails":[],"failureMessages":[],"fullName":"Room API integration tests should get room state from DB","invocations":1,"location":null,"numPassingAsserts":3,"retryReasons":[],"startAt":1764901405633,"status":"passed","title":"should get room state from DB"},{"ancestorTitles":["Room API integration tests"],"duration":5,"failing":false,"failureDetails":[],"failureMessages":[],"fullName":"Room API integration tests should return 404 if room not found","invocations":1,"location":null,"numPassingAsserts":2,"retryReasons":[],"startAt":1764901405642,"status":"passed","title":"should return 404 if room not found"},{"ancestorTitles":["Room API integration tests"],"duration":7,"failing":false,"failureDetails":[],"failureMessages":[],"fullName":"Room API integration tests should get room state from cache","invocations":1,"location":null,"numPassingAsserts":3,"retryReasons":[],"startAt":1764901405647,"status":"passed","title":"should get room state from cache"}],"endTime":1764901405703,"message":"","name":"C:\\Users\\jesjc\\OneDrive\\Documentos\\TrivIAndo\\triviando-backend\\tests\\room.test.ts","startTime":1764901405036,"status":"passed","summary":""},{"assertionResults":[{"ancestorTitles":["Room controller branches"],"duration":15,"failing":false,"failureDetails":[],"failureMessages":[],"fullName":"Room controller branches joinRoom without user returns 401","invocations":1,"location":null,"numPassingAsserts":1,"retryReasons":[],"startAt":1764901406229,"status":"passed","title":"joinRoom without user returns 401"},{"ancestorTitles":["Room controller branches"],"duration":6,"failing":false,"failureDetails":[],"failureMessages":[],"fullName":"Room controller branches joinRoom with empty code returns 400","invocations":1,"location":null,"numPassingAsserts":2,"retryReasons":[],"startAt":1764901406245,"status":"passed","title":"joinRoom with empty code returns 400"},{"ancestorTitles":["Room controller branches"],"duration":6,"failing":false,"failureDetails":[],"failureMessages":[],"fullName":"Room controller branches joinRoom when joinRoomAtomically returns not ok yields 400","invocations":1,"location":null,"numPassingAsserts":2,"retryReasons":[],"startAt":1764901406251,"status":"passed","title":"joinRoom when joinRoomAtomically returns not ok yields 400"},{"ancestorTitles":["Room controller branches"],"duration":4,"failing":false,"failureDetails":[],"failureMessages":[],"fullName":"Room controller branches getRoomState with invalid code returns 400","invocations":1,"location":null,"numPassingAsserts":2,"retryReasons":[],"startAt":1764901406258,"status":"passed","title":"getRoomState with invalid code returns 400"},{"ancestorTitles":["Room controller branches"],"duration":5,"failing":false,"failureDetails":[],"failureMessages":[],"fullName":"Room controller branches getRoomState handles corrupted cache and deletes it","invocations":1,"location":null,"numPassingAsserts":2,"retryReasons":[],"startAt":1764901406263,"status":"passed","title":"getRoomState handles corrupted cache and deletes it"}],"endTime":1764901406310,"message":"","name":"C:\\Users\\jesjc\\OneDrive\\Documentos\\TrivIAndo\\triviando-backend\\tests\\room.branches.test.ts","startTime":1764901405713,"status":"passed","summary":""},{"assertionResults":[{"ancestorTitles":["joinRoomAtomically"],"duration":25,"failing":false,"failureDetails":[],"failureMessages":[],"fullName":"joinRoomAtomically should join room successfully","invocations":1,"location":null,"numPassingAsserts":4,"retryReasons":[],"startAt":1764901406779,"status":"passed","title":"should join room successfully"},{"ancestorTitles":["joinRoomAtomically"],"duration":27,"failing":false,"failureDetails":[],"failureMessages":[],"fullName":"joinRoomAtomically should return 'Ya estás en la sala' if user already joined","invocations":1,"location":null,"numPassingAsserts":2,"retryReasons":[],"startAt":1764901406804,"status":"passed","title":"should return 'Ya estás en la sala' if user already joined"},{"ancestorTitles":["joinRoomAtomically"],"duration":5,"failing":false,"failureDetails":[],"failureMessages":[],"fullName":"joinRoomAtomically should return 'Sala llena' if max players reached","invocations":1,"location":null,"numPassingAsserts":2,"retryReasons":[],"startAt":1764901406831,"status":"passed","title":"should return 'Sala llena' if max players reached"},{"ancestorTitles":["joinRoomAtomically"],"duration":3,"failing":false,"failureDetails":[],"failureMessages":[],"fullName":"joinRoomAtomically should return 'Sala no encontrada' if room doesn't exist","invocations":1,"location":null,"numPassingAsserts":2,"retryReasons":[],"startAt":1764901406836,"status":"passed","title":"should return 'Sala no encontrada' if room doesn't exist"},{"ancestorTitles":["joinRoomAtomically"],"duration":4,"failing":false,"failureDetails":[],"failureMessages":[],"fullName":"joinRoomAtomically should return 'No se pudo unir a la sala' for non-waiting rooms","invocations":1,"location":null,"numPassingAsserts":2,"retryReasons":[],"startAt":1764901406840,"status":"passed","title":"should return 'No se pudo unir a la sala' for non-waiting rooms"},{"ancestorTitles":["joinRoomAtomically"],"duration":5,"failing":false,"failureDetails":[],"failureMessages":[],"fullName":"joinRoomAtomically should allow only one user to join concurrently when one slot is left","invocations":1,"location":null,"numPassingAsserts":3,"retryReasons":[],"startAt":1764901406844,"status":"passed","title":"should allow only one user to join concurrently when one slot is left"}],"endTime":1764901406905,"message":"","name":"C:\\Users\\jesjc\\OneDrive\\Documentos\\TrivIAndo\\triviando-backend\\tests\\joinRoomService.test.ts","startTime":1764901406321,"status":"passed","summary":""},{"assertionResults":[{"ancestorTitles":["Validation middleware - REST"],"duration":8,"failing":false,"failureDetails":[],"failureMessages":[],"fullName":"Validation middleware - REST should return 400 for invalid register payload","invocations":1,"location":null,"numPassingAsserts":2,"retryReasons":[],"startAt":1764901407176,"status":"passed","title":"should return 400 for invalid register payload"},{"ancestorTitles":["Validation middleware - REST"],"duration":3,"failing":false,"failureDetails":[],"failureMessages":[],"fullName":"Validation middleware - REST should return 400 for invalid login payload","invocations":1,"location":null,"numPassingAsserts":1,"retryReasons":[],"startAt":1764901407184,"status":"passed","title":"should return 400 for invalid login payload"},{"ancestorTitles":["Validation middleware - REST"],"duration":3,"failing":false,"failureDetails":[],"failureMessages":[],"fullName":"Validation middleware - REST should return 400 for invalid trivia generate payload","invocations":1,"location":null,"numPassingAsserts":1,"retryReasons":[],"startAt":1764901407188,"status":"passed","title":"should return 400 for invalid trivia generate payload"},{"ancestorTitles":["Validation middleware - REST"],"duration":4,"failing":false,"failureDetails":[],"failureMessages":[],"fullName":"Validation middleware - REST should return 400 for invalid room join payload","invocations":1,"location":null,"numPassingAsserts":1,"retryReasons":[],"startAt":1764901407191,"status":"passed","title":"should return 400 for invalid room join payload"}],"endTime":1764901407195,"message":"","name":"C:\\Users\\jesjc\\OneDrive\\Documentos\\TrivIAndo\\triviando-backend\\tests\\validation.rest.test.ts","startTime":1764901406909,"status":"passed","summary":""},{"assertionResults":[{"ancestorTitles":["GameResult routes (integration)"],"duration":5,"failing":false,"failureDetails":[],"failureMessages":[],"fullName":"GameResult routes (integration) returns 401 when no token provided","invocations":1,"location":null,"numPassingAsserts":2,"retryReasons":[],"startAt":1764901407390,"status":"passed","title":"returns 401 when no token provided"},{"ancestorTitles":["GameResult routes (integration)"],"duration":3,"failing":false,"failureDetails":[],"failureMessages":[],"fullName":"GameResult routes (integration) allows access with valid token","invocations":1,"location":null,"numPassingAsserts":2,"retryReasons":[],"startAt":1764901407396,"status":"passed","title":"allows access with valid token"}],"endTime":1764901407399,"message":"","name":"C:\\Users\\jesjc\\OneDrive\\Documentos\\TrivIAndo\\triviando-backend\\tests\\gameResult.routes.test.ts","startTime":1764901407208,"status":"passed","summary":""},{"assertionResults":[{"ancestorTitles":["socket/index - Redis adapter configuration"],"duration":231,"failing":false,"failureDetails":[],"failureMessages":[],"fullName":"socket/index - Redis adapter configuration configures redis adapter when REDIS_URL is set","invocations":1,"location":null,"numPassingAsserts":4,"retryReasons":[],"startAt":1764901407438,"status":"passed","title":"configures redis adapter when REDIS_URL is set"}],"endTime":1764901407669,"message":"","name":"C:\\Users\\jesjc\\OneDrive\\Documentos\\TrivIAndo\\triviando-backend\\tests\\socket.adapter.redis.test.ts","startTime":1764901407417,"status":"passed","summary":""},{"assertionResults":[{"ancestorTitles":["Validation middleware - Socket"],"duration":2,"failing":false,"failureDetails":[],"failureMessages":[],"fullName":"Validation middleware - Socket should ack with code 400 for invalid room:join payload","invocations":1,"location":null,"numPassingAsserts":2,"retryReasons":[],"startAt":1764901407849,"status":"passed","title":"should ack with code 400 for invalid room:join payload"},{"ancestorTitles":["Validation middleware - Socket"],"duration":1,"failing":false,"failureDetails":[],"failureMessages":[],"fullName":"Validation middleware - Socket should ack with code 400 for invalid room:chat payload","invocations":1,"location":null,"numPassingAsserts":2,"retryReasons":[],"startAt":1764901407851,"status":"passed","title":"should ack with code 400 for invalid room:chat payload"},{"ancestorTitles":["Validation middleware - Socket"],"duration":1,"failing":false,"failureDetails":[],"failureMessages":[],"fullName":"Validation middleware - Socket should ack with code 400 for invalid game:start payload","invocations":1,"location":null,"numPassingAsserts":2,"retryReasons":[],"startAt":1764901407852,"status":"passed","title":"should ack with code 400 for invalid game:start payload"}],"endTime":1764901407854,"message":"","name":"C:\\Users\\jesjc\\OneDrive\\Documentos\\TrivIAndo\\triviando-backend\\tests\\validation.socket.test.ts","startTime":1764901407686,"status":"passed","summary":""},{"assertionResults":[{"ancestorTitles":["game.service basics"],"duration":1,"failing":false,"failureDetails":[],"failureMessages":[],"fullName":"game.service basics getGameState returns null for corrupted JSON","invocations":1,"location":null,"numPassingAsserts":1,"retryReasons":[],"startAt":1764901408003,"status":"passed","title":"getGameState returns null for corrupted JSON"},{"ancestorTitles":["game.service basics"],"duration":1,"failing":false,"failureDetails":[],"failureMessages":[],"fullName":"game.service basics saveGameState then getGameState returns same object","invocations":1,"location":null,"numPassingAsserts":1,"retryReasons":[],"startAt":1764901408004,"status":"passed","title":"saveGameState then getGameState returns same object"},{"ancestorTitles":["game.service basics"],"duration":0,"failing":false,"failureDetails":[],"failureMessages":[],"fullName":"game.service basics dedupeEvent returns true first time and false for duplicates","invocations":1,"location":null,"numPassingAsserts":2,"retryReasons":[],"startAt":1764901408005,"status":"passed","title":"dedupeEvent returns true first time and false for duplicates"},{"ancestorTitles":["game.service basics"],"duration":0,"failing":false,"failureDetails":[],"failureMessages":[],"fullName":"game.service basics distributed timers helpers are no-ops in test env","invocations":1,"location":null,"numPassingAsserts":2,"retryReasons":[],"startAt":1764901408006,"status":"passed","title":"distributed timers helpers are no-ops in test env"}],"endTime":1764901408007,"message":"","name":"C:\\Users\\jesjc\\OneDrive\\Documentos\\TrivIAndo\\triviando-backend\\tests\\game.service.unit.test.ts","startTime":1764901407872,"status":"passed","summary":""},{"assertionResults":[{"ancestorTitles":["🧩 Auth Endpoints (mockeados)"],"duration":7,"failing":false,"failureDetails":[],"failureMessages":[],"fullName":"🧩 Auth Endpoints (mockeados) ✅ should register a new user","invocations":1,"location":null,"numPassingAsserts":2,"retryReasons":[],"startAt":1764901408232,"status":"passed","title":"✅ should register a new user"},{"ancestorTitles":["🧩 Auth Endpoints (mockeados)"],"duration":3,"failing":false,"failureDetails":[],"failureMessages":[],"fullName":"🧩 Auth Endpoints (mockeados) 🚫 should prevent duplicate email registration","invocations":1,"location":null,"numPassingAsserts":2,"retryReasons":[],"startAt":1764901408240,"status":"passed","title":"🚫 should prevent duplicate email registration"},{"ancestorTitles":["🧩 Auth Endpoints (mockeados)"],"duration":3,"failing":false,"failureDetails":[],"failureMessages":[],"fullName":"🧩 Auth Endpoints (mockeados) 🔐 should login successfully","invocations":1,"location":null,"numPassingAsserts":2,"retryReasons":[],"startAt":1764901408243,"status":"passed","title":"🔐 should login successfully"},{"ancestorTitles":["🧩 Auth Endpoints (mockeados)"],"duration":3,"failing":false,"failureDetails":[],"failureMessages":[],"fullName":"🧩 Auth Endpoints (mockeados) ❌ should fail login with wrong password","invocations":1,"location":null,"numPassingAsserts":2,"retryReasons":[],"startAt":1764901408246,"status":"passed","title":"❌ should fail login with wrong password"}],"endTime":1764901408249,"message":"","name":"C:\\Users\\jesjc\\OneDrive\\Documentos\\TrivIAndo\\triviando-backend\\tests\\auth.test.ts","startTime":1764901408014,"status":"passed","summary":""},{"assertionResults":[{"ancestorTitles":["game.handlers branches"],"duration":1,"failing":false,"failureDetails":[],"failureMessages":[],"fullName":"game.handlers branches round:buttonPress rejects stale round","invocations":1,"location":null,"numPassingAsserts":2,"retryReasons":[],"startAt":1764901408366,"status":"passed","title":"round:buttonPress rejects stale round"},{"ancestorTitles":["game.handlers branches"],"duration":4,"failing":false,"failureDetails":[],"failureMessages":[],"fullName":"game.handlers branches round:buttonPress rejects when user is blocked","invocations":1,"location":null,"numPassingAsserts":2,"retryReasons":[],"startAt":1764901408367,"status":"passed","title":"round:buttonPress rejects when user is blocked"},{"ancestorTitles":["game.handlers branches"],"duration":1,"failing":false,"failureDetails":[],"failureMessages":[],"fullName":"game.handlers branches round:buttonPress handles attemptFirstPress false","invocations":1,"location":null,"numPassingAsserts":2,"retryReasons":[],"startAt":1764901408371,"status":"passed","title":"round:buttonPress handles attemptFirstPress false"}],"endTime":1764901408372,"message":"","name":"C:\\Users\\jesjc\\OneDrive\\Documentos\\TrivIAndo\\triviando-backend\\tests\\game.handlers.branches.test.ts","startTime":1764901408257,"status":"passed","summary":""},{"assertionResults":[{"ancestorTitles":["game.handlers errors/messages"],"duration":3,"failing":false,"failureDetails":[],"failureMessages":[],"fullName":"game.handlers errors/messages round:buttonPress throws Question not found when trivia missing","invocations":1,"location":null,"numPassingAsserts":3,"retryReasons":[],"startAt":1764901408487,"status":"passed","title":"round:buttonPress throws Question not found when trivia missing"},{"ancestorTitles":["game.handlers errors/messages"],"duration":1,"failing":false,"failureDetails":[],"failureMessages":[],"fullName":"game.handlers errors/messages game:start returns error when initGameState throws","invocations":1,"location":null,"numPassingAsserts":3,"retryReasons":[],"startAt":1764901408491,"status":"passed","title":"game:start returns error when initGameState throws"},{"ancestorTitles":["game.handlers errors/messages"],"duration":1,"failing":false,"failureDetails":[],"failureMessages":[],"fullName":"game.handlers errors/messages round:answer rejects with Round mismatch when state missing or sequence mismatch","invocations":1,"location":null,"numPassingAsserts":4,"retryReasons":[],"startAt":1764901408492,"status":"passed","title":"round:answer rejects with Round mismatch when state missing or sequence mismatch"}],"endTime":1764901408494,"message":"","name":"C:\\Users\\jesjc\\OneDrive\\Documentos\\TrivIAndo\\triviando-backend\\tests\\game.handlers.errors.test.ts","startTime":1764901408383,"status":"passed","summary":""},{"assertionResults":[{"ancestorTitles":["game.handlers"],"duration":2,"failing":false,"failureDetails":[],"failureMessages":[],"fullName":"game.handlers game:start only host can start; emits game:started on success","invocations":1,"location":null,"numPassingAsserts":5,"retryReasons":[],"startAt":1764901408610,"status":"passed","title":"game:start only host can start; emits game:started on success"},{"ancestorTitles":["game.handlers"],"duration":1,"failing":false,"failureDetails":[],"failureMessages":[],"fullName":"game.handlers round:buttonPress accepts first press, transitions to answering and requests answer","invocations":1,"location":null,"numPassingAsserts":3,"retryReasons":[],"startAt":1764901408613,"status":"passed","title":"round:buttonPress accepts first press, transitions to answering and requests answer"},{"ancestorTitles":["game.handlers"],"duration":1,"failing":false,"failureDetails":[],"failureMessages":[],"fullName":"game.handlers round:answer correct increases score and ends game when last question reached","invocations":1,"location":null,"numPassingAsserts":4,"retryReasons":[],"startAt":1764901408614,"status":"passed","title":"round:answer correct increases score and ends game when last question reached"},{"ancestorTitles":["game.handlers"],"duration":0,"failing":false,"failureDetails":[],"failureMessages":[],"fullName":"game.handlers round:answer incorrect blocks player and reopens button (schedules)","invocations":1,"location":null,"numPassingAsserts":4,"retryReasons":[],"startAt":1764901408616,"status":"passed","title":"round:answer incorrect blocks player and reopens button (schedules)"}],"endTime":1764901408617,"message":"","name":"C:\\Users\\jesjc\\OneDrive\\Documentos\\TrivIAndo\\triviando-backend\\tests\\game.handlers.test.ts","startTime":1764901408506,"status":"passed","summary":""},{"assertionResults":[{"ancestorTitles":["game.handlers endGame branches"],"duration":1,"failing":false,"failureDetails":[],"failureMessages":[],"fullName":"game.handlers endGame branches endGame returns early when GameResult already exists","invocations":1,"location":null,"numPassingAsserts":3,"retryReasons":[],"startAt":1764901408738,"status":"passed","title":"endGame returns early when GameResult already exists"},{"ancestorTitles":["game.handlers endGame branches"],"duration":1,"failing":false,"failureDetails":[],"failureMessages":[],"fullName":"game.handlers endGame branches endGame handles tie by scheduling tie-breaker question","invocations":1,"location":null,"numPassingAsserts":5,"retryReasons":[],"startAt":1764901408739,"status":"passed","title":"endGame handles tie by scheduling tie-breaker question"},{"ancestorTitles":["game.handlers endGame branches"],"duration":0,"failing":false,"failureDetails":[],"failureMessages":[],"fullName":"game.handlers endGame branches endGame normal flow creates GameResult and emits game:ended","invocations":1,"location":null,"numPassingAsserts":4,"retryReasons":[],"startAt":1764901408741,"status":"passed","title":"endGame normal flow creates GameResult and emits game:ended"}],"endTime":1764901408742,"message":"","name":"C:\\Users\\jesjc\\OneDrive\\Documentos\\TrivIAndo\\triviando-backend\\tests\\game.handlers.endgame.test.ts","startTime":1764901408626,"status":"passed","summary":""},{"assertionResults":[{"ancestorTitles":["game.handlers extra branches"],"duration":1,"failing":false,"failureDetails":[],"failureMessages":[],"fullName":"game.handlers extra branches game:start requires room code","invocations":1,"location":null,"numPassingAsserts":2,"retryReasons":[],"startAt":1764901408862,"status":"passed","title":"game:start requires room code"},{"ancestorTitles":["game.handlers extra branches"],"duration":1,"failing":false,"failureDetails":[],"failureMessages":[],"fullName":"game.handlers extra branches game:start returns not found when room missing","invocations":1,"location":null,"numPassingAsserts":2,"retryReasons":[],"startAt":1764901408863,"status":"passed","title":"game:start returns not found when room missing"},{"ancestorTitles":["game.handlers extra branches"],"duration":1,"failing":false,"failureDetails":[],"failureMessages":[],"fullName":"game.handlers extra branches round:buttonPress duplicate event is ignored","invocations":1,"location":null,"numPassingAsserts":2,"retryReasons":[],"startAt":1764901408864,"status":"passed","title":"round:buttonPress duplicate event is ignored"},{"ancestorTitles":["game.handlers extra branches"],"duration":1,"failing":false,"failureDetails":[],"failureMessages":[],"fullName":"game.handlers extra branches round:answer duplicate event is ignored","invocations":1,"location":null,"numPassingAsserts":2,"retryReasons":[],"startAt":1764901408865,"status":"passed","title":"round:answer duplicate event is ignored"}],"endTime":1764901408866,"message":"","name":"C:\\Users\\jesjc\\OneDrive\\Documentos\\TrivIAndo\\triviando-backend\\tests\\game.handlers.extra.test.ts","startTime":1764901408753,"status":"passed","summary":""},{"assertionResults":[{"ancestorTitles":["GameResult Controller (unit tests)","getGameResults"],"duration":1,"failing":false,"failureDetails":[],"failureMessages":[],"fullName":"GameResult Controller (unit tests) getGameResults should return a list of results","invocations":1,"location":null,"numPassingAsserts":6,"retryReasons":[],"startAt":1764901409045,"status":"passed","title":"should return a list of results"},{"ancestorTitles":["GameResult Controller (unit tests)","getGameResults"],"duration":0,"failing":false,"failureDetails":[],"failureMessages":[],"fullName":"GameResult Controller (unit tests) getGameResults should handle model errors","invocations":1,"location":null,"numPassingAsserts":2,"retryReasons":[],"startAt":1764901409047,"status":"passed","title":"should handle model errors"},{"ancestorTitles":["GameResult Controller (unit tests)","getGameResultByRoom"],"duration":0,"failing":false,"failureDetails":[],"failureMessages":[],"fullName":"GameResult Controller (unit tests) getGameResultByRoom should return a specific game result","invocations":1,"location":null,"numPassingAsserts":3,"retryReasons":[],"startAt":1764901409048,"status":"passed","title":"should return a specific game result"},{"ancestorTitles":["GameResult Controller (unit tests)","getGameResultByRoom"],"duration":0,"failing":false,"failureDetails":[],"failureMessages":[],"fullName":"GameResult Controller (unit tests) getGameResultByRoom should return 404 if result is not found","invocations":1,"location":null,"numPassingAsserts":2,"retryReasons":[],"startAt":1764901409051,"status":"passed","title":"should return 404 if result is not found"},{"ancestorTitles":["GameResult Controller (unit tests)","getGameResultByRoom"],"duration":1,"failing":false,"failureDetails":[],"failureMessages":[],"fullName":"GameResult Controller (unit tests) getGameResultByRoom debe manejar errores del modelo","invocations":1,"location":null,"numPassingAsserts":2,"retryReasons":[],"startAt":1764901409052,"status":"passed","title":"debe manejar errores del modelo"}],"endTime":1764901409053,"message":"","name":"C:\\Users\\jesjc\\OneDrive\\Documentos\\TrivIAndo\\triviando-backend\\tests\\gameResult.controller.test.ts","startTime":1764901408875,"status":"passed","summary":""},{"assertionResults":[{"ancestorTitles":["socketAuthMiddleware"],"duration":1,"failing":false,"failureDetails":[],"failureMessages":[],"fullName":"socketAuthMiddleware ✅ autentica correctamente con token válido","invocations":1,"location":null,"numPassingAsserts":2,"retryReasons":[],"startAt":1764901409196,"status":"passed","title":"✅ autentica correctamente con token válido"},{"ancestorTitles":["socketAuthMiddleware"],"duration":0,"failing":false,"failureDetails":[],"failureMessages":[],"fullName":"socketAuthMiddleware ❌ falla si token ausente","invocations":1,"location":null,"numPassingAsserts":2,"retryReasons":[],"startAt":1764901409198,"status":"passed","title":"❌ falla si token ausente"},{"ancestorTitles":["socketAuthMiddleware"],"duration":0,"failing":false,"failureDetails":[],"failureMessages":[],"fullName":"socketAuthMiddleware ❌ falla si user no existe","invocations":1,"location":null,"numPassingAsserts":2,"retryReasons":[],"startAt":1764901409199,"status":"passed","title":"❌ falla si user no existe"}],"endTime":1764901409200,"message":"","name":"C:\\Users\\jesjc\\OneDrive\\Documentos\\TrivIAndo\\triviando-backend\\tests\\socketAuthMiddleware.test.ts","startTime":1764901409060,"status":"passed","summary":""},{"assertionResults":[{"ancestorTitles":["timers.handlers - handleWinnerTimeoutSafe"],"duration":1,"failing":false,"failureDetails":[],"failureMessages":[],"fullName":"timers.handlers - handleWinnerTimeoutSafe returns early if answer window not expired yet","invocations":1,"location":null,"numPassingAsserts":2,"retryReasons":[],"startAt":1764901409306,"status":"passed","title":"returns early if answer window not expired yet"},{"ancestorTitles":["timers.handlers - handleWinnerTimeoutSafe"],"duration":0,"failing":false,"failureDetails":[],"failureMessages":[],"fullName":"timers.handlers - handleWinnerTimeoutSafe emits result and updates state when window expired","invocations":1,"location":null,"numPassingAsserts":5,"retryReasons":[],"startAt":1764901409308,"status":"passed","title":"emits result and updates state when window expired"},{"ancestorTitles":["timers.handlers - handleWinnerTimeoutSafe"],"duration":0,"failing":false,"failureDetails":[],"failureMessages":[],"fullName":"timers.handlers - handleWinnerTimeoutSafe returns early on roundSequence mismatch or missing state","invocations":1,"location":null,"numPassingAsserts":2,"retryReasons":[],"startAt":1764901409309,"status":"passed","title":"returns early on roundSequence mismatch or missing state"}],"endTime":1764901409310,"message":"","name":"C:\\Users\\jesjc\\OneDrive\\Documentos\\TrivIAndo\\triviando-backend\\tests\\timers.handlers.unit.test.ts","startTime":1764901409208,"status":"passed","summary":""},{"assertionResults":[{"ancestorTitles":["game.service"],"duration":1,"failing":false,"failureDetails":[],"failureMessages":[],"fullName":"game.service initGameState creates and persists initial state with scores map","invocations":1,"location":null,"numPassingAsserts":4,"retryReasons":[],"startAt":1764901409391,"status":"passed","title":"initGameState creates and persists initial state with scores map"},{"ancestorTitles":["game.service"],"duration":10,"failing":false,"failureDetails":[],"failureMessages":[],"fullName":"game.service initGameState throws if trivia is not found","invocations":1,"location":null,"numPassingAsserts":1,"retryReasons":[],"startAt":1764901409392,"status":"passed","title":"initGameState throws if trivia is not found"},{"ancestorTitles":["game.service"],"duration":3,"failing":false,"failureDetails":[],"failureMessages":[],"fullName":"game.service saveGameState overrides existing persisted state","invocations":1,"location":null,"numPassingAsserts":2,"retryReasons":[],"startAt":1764901409402,"status":"passed","title":"saveGameState overrides existing persisted state"},{"ancestorTitles":["game.service"],"duration":4,"failing":false,"failureDetails":[],"failureMessages":[],"fullName":"game.service getGameState handles corrupted JSON, logs and deletes key returning null","invocations":1,"location":null,"numPassingAsserts":4,"retryReasons":[],"startAt":1764901409405,"status":"passed","title":"getGameState handles corrupted JSON, logs and deletes key returning null"},{"ancestorTitles":["game.service"],"duration":1,"failing":false,"failureDetails":[],"failureMessages":[],"fullName":"game.service getGameState continues even if metric incr fails","invocations":1,"location":null,"numPassingAsserts":2,"retryReasons":[],"startAt":1764901409409,"status":"passed","title":"getGameState continues even if metric incr fails"},{"ancestorTitles":["game.service"],"duration":0,"failing":false,"failureDetails":[],"failureMessages":[],"fullName":"game.service getGameState continues even if expire fails","invocations":1,"location":null,"numPassingAsserts":1,"retryReasons":[],"startAt":1764901409411,"status":"passed","title":"getGameState continues even if expire fails"},{"ancestorTitles":["game.service"],"duration":1,"failing":false,"failureDetails":[],"failureMessages":[],"fullName":"game.service getGameState continues even if delete fails","invocations":1,"location":null,"numPassingAsserts":1,"retryReasons":[],"startAt":1764901409412,"status":"passed","title":"getGameState continues even if delete fails"},{"ancestorTitles":["game.service"],"duration":0,"failing":false,"failureDetails":[],"failureMessages":[],"fullName":"game.service clearAnswerWindow removes answerWindowEndsAt","invocations":1,"location":null,"numPassingAsserts":1,"retryReasons":[],"startAt":1764901409413,"status":"passed","title":"clearAnswerWindow removes answerWindowEndsAt"},{"ancestorTitles":["game.service"],"duration":0,"failing":false,"failureDetails":[],"failureMessages":[],"fullName":"game.service attemptFirstPress returns true only the first time within window; reset clears it","invocations":1,"location":null,"numPassingAsserts":3,"retryReasons":[],"startAt":1764901409414,"status":"passed","title":"attemptFirstPress returns true only the first time within window; reset clears it"},{"ancestorTitles":["game.service"],"duration":1,"failing":false,"failureDetails":[],"failureMessages":[],"fullName":"game.service dedupeEvent accepts first event and rejects duplicates, applies TTL","invocations":1,"location":null,"numPassingAsserts":3,"retryReasons":[],"startAt":1764901409415,"status":"passed","title":"dedupeEvent accepts first event and rejects duplicates, applies TTL"},{"ancestorTitles":["game.service"],"duration":1,"failing":false,"failureDetails":[],"failureMessages":[],"fullName":"game.service dedupeEvent returns true if eventId is empty","invocations":1,"location":null,"numPassingAsserts":1,"retryReasons":[],"startAt":1764901409416,"status":"passed","title":"dedupeEvent returns true if eventId is empty"},{"ancestorTitles":["game.service"],"duration":1,"failing":false,"failureDetails":[],"failureMessages":[],"fullName":"game.service scheduleTimer clears existing keys and runs callback once; clearTimer cancels","invocations":1,"location":null,"numPassingAsserts":3,"retryReasons":[],"startAt":1764901409417,"status":"passed","title":"scheduleTimer clears existing keys and runs callback once; clearTimer cancels"},{"ancestorTitles":["game.service"],"duration":1,"failing":false,"failureDetails":[],"failureMessages":[],"fullName":"game.service scheduleTimer catches and logs callback errors","invocations":1,"location":null,"numPassingAsserts":1,"retryReasons":[],"startAt":1764901409419,"status":"passed","title":"scheduleTimer catches and logs callback errors"},{"ancestorTitles":["game.service"],"duration":0,"failing":false,"failureDetails":[],"failureMessages":[],"fullName":"game.service clearTimer does nothing if key does not exist","invocations":1,"location":null,"numPassingAsserts":1,"retryReasons":[],"startAt":1764901409423,"status":"passed","title":"clearTimer does nothing if key does not exist"}],"endTime":1764901409424,"message":"","name":"C:\\Users\\jesjc\\OneDrive\\Documentos\\TrivIAndo\\triviando-backend\\tests\\game.service.test.ts","startTime":1764901409324,"status":"passed","summary":""},{"assertionResults":[{"ancestorTitles":["Room model helper methods"],"duration":1,"failing":false,"failureDetails":[],"failureMessages":[],"fullName":"Room model helper methods isFull returns true when players length >= maxPlayers","invocations":1,"location":null,"numPassingAsserts":1,"retryReasons":[],"startAt":1764901409526,"status":"passed","title":"isFull returns true when players length >= maxPlayers"},{"ancestorTitles":["Room model helper methods"],"duration":1,"failing":false,"failureDetails":[],"failureMessages":[],"fullName":"Room model helper methods isFull returns false when players length < maxPlayers","invocations":1,"location":null,"numPassingAsserts":1,"retryReasons":[],"startAt":1764901409527,"status":"passed","title":"isFull returns false when players length < maxPlayers"},{"ancestorTitles":["Room model helper methods"],"duration":1,"failing":false,"failureDetails":[],"failureMessages":[],"fullName":"Room model helper methods hasPlayer returns true for existing player and false otherwise","invocations":1,"location":null,"numPassingAsserts":2,"retryReasons":[],"startAt":1764901409528,"status":"passed","title":"hasPlayer returns true for existing player and false otherwise"}],"endTime":1764901409530,"message":"","name":"C:\\Users\\jesjc\\OneDrive\\Documentos\\TrivIAndo\\triviando-backend\\tests\\room.model.methods.test.ts","startTime":1764901409438,"status":"passed","summary":""},{"assertionResults":[{"ancestorTitles":["room.handlers branches"],"duration":1,"failing":false,"failureDetails":[],"failureMessages":[],"fullName":"room.handlers branches room:chat rejects overly long messages (>400 chars)","invocations":1,"location":null,"numPassingAsserts":2,"retryReasons":[],"startAt":1764901409613,"status":"passed","title":"room:chat rejects overly long messages (>400 chars)"},{"ancestorTitles":["room.handlers branches"],"duration":1,"failing":false,"failureDetails":[],"failureMessages":[],"fullName":"room.handlers branches room:join fails when room not found","invocations":1,"location":null,"numPassingAsserts":2,"retryReasons":[],"startAt":1764901409615,"status":"passed","title":"room:join fails when room not found"}],"endTime":1764901409617,"message":"","name":"C:\\Users\\jesjc\\OneDrive\\Documentos\\TrivIAndo\\triviando-backend\\tests\\room.handlers.branches.test.ts","startTime":1764901409536,"status":"passed","summary":""},{"assertionResults":[{"ancestorTitles":["timers.handlers"],"duration":1,"failing":false,"failureDetails":[],"failureMessages":[],"fullName":"timers.handlers startRound emits showQuestion and schedules timers","invocations":1,"location":null,"numPassingAsserts":5,"retryReasons":[],"startAt":1764901409797,"status":"passed","title":"startRound emits showQuestion and schedules timers"},{"ancestorTitles":["timers.handlers"],"duration":1,"failing":false,"failureDetails":[],"failureMessages":[],"fullName":"timers.handlers handleNoPresses emits result and later starts next round when more questions","invocations":1,"location":null,"numPassingAsserts":2,"retryReasons":[],"startAt":1764901409798,"status":"passed","title":"handleNoPresses emits result and later starts next round when more questions"},{"ancestorTitles":["timers.handlers"],"duration":1,"failing":false,"failureDetails":[],"failureMessages":[],"fullName":"timers.handlers endGame triggers tiebreaker when tie and spare exists","invocations":1,"location":null,"numPassingAsserts":3,"retryReasons":[],"startAt":1764901409799,"status":"passed","title":"endGame triggers tiebreaker when tie and spare exists"},{"ancestorTitles":["timers.handlers"],"duration":0,"failing":false,"failureDetails":[],"failureMessages":[],"fullName":"timers.handlers endGame saves GameResult and emits finished when no tiebreaker","invocations":1,"location":null,"numPassingAsserts":2,"retryReasons":[],"startAt":1764901409801,"status":"passed","title":"endGame saves GameResult and emits finished when no tiebreaker"},{"ancestorTitles":["timers.handlers"],"duration":0,"failing":false,"failureDetails":[],"failureMessages":[],"fullName":"timers.handlers handleWinnerTimeoutSafe returns early when no state","invocations":1,"location":null,"numPassingAsserts":1,"retryReasons":[],"startAt":1764901409802,"status":"passed","title":"handleWinnerTimeoutSafe returns early when no state"},{"ancestorTitles":["timers.handlers"],"duration":0,"failing":false,"failureDetails":[],"failureMessages":[],"fullName":"timers.handlers handleWinnerTimeoutSafe returns early when answerWindow still open","invocations":1,"location":null,"numPassingAsserts":1,"retryReasons":[],"startAt":1764901409803,"status":"passed","title":"handleWinnerTimeoutSafe returns early when answerWindow still open"},{"ancestorTitles":["timers.handlers"],"duration":1,"failing":false,"failureDetails":[],"failureMessages":[],"fullName":"timers.handlers handleWinnerTimeoutSafe finalizes and reopens button -> no eligible triggers handleNoPresses","invocations":1,"location":null,"numPassingAsserts":3,"retryReasons":[],"startAt":1764901409803,"status":"passed","title":"handleWinnerTimeoutSafe finalizes and reopens button -> no eligible triggers handleNoPresses"},{"ancestorTitles":["timers.handlers"],"duration":0,"failing":false,"failureDetails":[],"failureMessages":[],"fullName":"timers.handlers startRoundOpenButtonAgain opens when eligible players exist","invocations":1,"location":null,"numPassingAsserts":3,"retryReasons":[],"startAt":1764901409805,"status":"passed","title":"startRoundOpenButtonAgain opens when eligible players exist"},{"ancestorTitles":["timers.handlers"],"duration":1,"failing":false,"failureDetails":[],"failureMessages":[],"fullName":"timers.handlers openButton (startRoundOpenButtonAgain) schedules pressWindow and pressWindow handles no-press path","invocations":1,"location":null,"numPassingAsserts":4,"retryReasons":[],"startAt":1764901409806,"status":"passed","title":"openButton (startRoundOpenButtonAgain) schedules pressWindow and pressWindow handles no-press path"},{"ancestorTitles":["timers.handlers"],"duration":1,"failing":false,"failureDetails":[],"failureMessages":[],"fullName":"timers.handlers endGame returns early when GameResult already exists","invocations":1,"location":null,"numPassingAsserts":1,"retryReasons":[],"startAt":1764901409807,"status":"passed","title":"endGame returns early when GameResult already exists"}],"endTime":1764901409808,"message":"","name":"C:\\Users\\jesjc\\OneDrive\\Documentos\\TrivIAndo\\triviando-backend\\tests\\timers.handlers.test.ts","startTime":1764901409627,"status":"passed","summary":""},{"assertionResults":[{"ancestorTitles":["room.handlers error and edge branches"],"duration":1,"failing":false,"failureDetails":[],"failureMessages":[],"fullName":"room.handlers error and edge branches room:create handles generator errors and returns ack with error","invocations":1,"location":null,"numPassingAsserts":2,"retryReasons":[],"startAt":1764901409898,"status":"passed","title":"room:create handles generator errors and returns ack with error"},{"ancestorTitles":["room.handlers error and edge branches"],"duration":1,"failing":false,"failureDetails":[],"failureMessages":[],"fullName":"room.handlers error and edge branches room:join returns 403 when room is full (findOneAndUpdate null and room exists full)","invocations":1,"location":null,"numPassingAsserts":3,"retryReasons":[],"startAt":1764901409900,"status":"passed","title":"room:join returns 403 when room is full (findOneAndUpdate null and room exists full)"},{"ancestorTitles":["room.handlers error and edge branches"],"duration":1,"failing":false,"failureDetails":[],"failureMessages":[],"fullName":"room.handlers error and edge branches room:chat handles addChatMessage errors and returns ack false","invocations":1,"location":null,"numPassingAsserts":2,"retryReasons":[],"startAt":1764901409902,"status":"passed","title":"room:chat handles addChatMessage errors and returns ack false"},{"ancestorTitles":["room.handlers error and edge branches"],"duration":3,"failing":false,"failureDetails":[],"failureMessages":[],"fullName":"room.handlers error and edge branches room:reconnect returns not found when Room.findOne returns null","invocations":1,"location":null,"numPassingAsserts":2,"retryReasons":[],"startAt":1764901409903,"status":"passed","title":"room:reconnect returns not found when Room.findOne returns null"},{"ancestorTitles":["room.handlers error and edge branches"],"duration":1,"failing":false,"failureDetails":[],"failureMessages":[],"fullName":"room.handlers error and edge branches disconnect without currentRoom does nothing","invocations":1,"location":null,"numPassingAsserts":1,"retryReasons":[],"startAt":1764901409907,"status":"passed","title":"disconnect without currentRoom does nothing"}],"endTime":1764901409908,"message":"","name":"C:\\Users\\jesjc\\OneDrive\\Documentos\\TrivIAndo\\triviando-backend\\tests\\room.handlers.error_branches.test.ts","startTime":1764901409819,"status":"passed","summary":""},{"assertionResults":[{"ancestorTitles":["startRound -> handleNoPresses"],"duration":2,"failing":false,"failureDetails":[],"failureMessages":[],"fullName":"startRound -> handleNoPresses when nobody presses, round:result emitted and question advances","invocations":1,"location":null,"numPassingAsserts":5,"retryReasons":[],"startAt":1764901410027,"status":"passed","title":"when nobody presses, round:result emitted and question advances"}],"endTime":1764901410029,"message":"","name":"C:\\Users\\jesjc\\OneDrive\\Documentos\\TrivIAndo\\triviando-backend\\tests\\game.handlers.noPress.test.ts","startTime":1764901409920,"status":"passed","summary":""},{"assertionResults":[{"ancestorTitles":["timers: handleWinnerTimeout and startRoundOpenButtonAgain"],"duration":2,"failing":false,"failureDetails":[],"failureMessages":[],"fullName":"timers: handleWinnerTimeout and startRoundOpenButtonAgain handleWinnerTimeout re-schedules when answerWindowEndsAt in future","invocations":1,"location":null,"numPassingAsserts":2,"retryReasons":[],"startAt":1764901410141,"status":"passed","title":"handleWinnerTimeout re-schedules when answerWindowEndsAt in future"},{"ancestorTitles":["timers: handleWinnerTimeout and startRoundOpenButtonAgain"],"duration":1,"failing":false,"failureDetails":[],"failureMessages":[],"fullName":"timers: handleWinnerTimeout and startRoundOpenButtonAgain startRoundOpenButtonAgain with no eligibles calls handleNoPresses","invocations":1,"location":null,"numPassingAsserts":1,"retryReasons":[],"startAt":1764901410143,"status":"passed","title":"startRoundOpenButtonAgain with no eligibles calls handleNoPresses"}],"endTime":1764901410145,"message":"","name":"C:\\Users\\jesjc\\OneDrive\\Documentos\\TrivIAndo\\triviando-backend\\tests\\game.handlers.timers.test.ts","startTime":1764901410037,"status":"passed","summary":""},{"assertionResults":[{"ancestorTitles":["timers.queue helpers"],"duration":44,"failing":false,"failureDetails":[],"failureMessages":[],"fullName":"timers.queue helpers no-ops when DISABLED (test env or missing REDIS_URL)","invocations":1,"location":null,"numPassingAsserts":3,"retryReasons":[],"startAt":1764901410177,"status":"passed","title":"no-ops when DISABLED (test env or missing REDIS_URL)"},{"ancestorTitles":["timers.queue helpers"],"duration":1,"failing":false,"failureDetails":[],"failureMessages":[],"fullName":"timers.queue helpers schedules and removes jobs when enabled","invocations":1,"location":null,"numPassingAsserts":3,"retryReasons":[],"startAt":1764901410222,"status":"passed","title":"schedules and removes jobs when enabled"}],"endTime":1764901410224,"message":"","name":"C:\\Users\\jesjc\\OneDrive\\Documentos\\TrivIAndo\\triviando-backend\\tests\\queues.timers.queue.test.ts","startTime":1764901410156,"status":"passed","summary":""},{"assertionResults":[{"ancestorTitles":["room.handlers"],"duration":2,"failing":false,"failureDetails":[],"failureMessages":[],"fullName":"room.handlers room:create validates input and creates room, caches state and emits update","invocations":1,"location":null,"numPassingAsserts":7,"retryReasons":[],"startAt":1764901410269,"status":"passed","title":"room:create validates input and creates room, caches state and emits update"},{"ancestorTitles":["room.handlers"],"duration":1,"failing":false,"failureDetails":[],"failureMessages":[],"fullName":"room.handlers room:join adds player and emits playerJoined, or re-joins if already present","invocations":1,"location":null,"numPassingAsserts":4,"retryReasons":[],"startAt":1764901410272,"status":"passed","title":"room:join adds player and emits playerJoined, or re-joins if already present"},{"ancestorTitles":["room.handlers"],"duration":3,"failing":false,"failureDetails":[],"failureMessages":[],"fullName":"room.handlers room:chat validates and broadcasts new messages","invocations":1,"location":null,"numPassingAsserts":3,"retryReasons":[],"startAt":1764901410273,"status":"passed","title":"room:chat validates and broadcasts new messages"},{"ancestorTitles":["room.handlers"],"duration":0,"failing":false,"failureDetails":[],"failureMessages":[],"fullName":"room.handlers room:reconnect returns players and gameState snapshot","invocations":1,"location":null,"numPassingAsserts":3,"retryReasons":[],"startAt":1764901410277,"status":"passed","title":"room:reconnect returns players and gameState snapshot"},{"ancestorTitles":["room.handlers"],"duration":0,"failing":false,"failureDetails":[],"failureMessages":[],"fullName":"room.handlers disconnect notifies room:update playerLeft","invocations":1,"location":null,"numPassingAsserts":1,"retryReasons":[],"startAt":1764901410278,"status":"passed","title":"disconnect notifies room:update playerLeft"}],"endTime":1764901410279,"message":"","name":"C:\\Users\\jesjc\\OneDrive\\Documentos\\TrivIAndo\\triviando-backend\\tests\\room.handlers.test.ts","startTime":1764901410228,"status":"passed","summary":""},{"assertionResults":[{"ancestorTitles":["validate middleware"],"duration":2,"failing":false,"failureDetails":[],"failureMessages":[],"fullName":"validate middleware validateBody calls next and sets parsed body on success","invocations":1,"location":null,"numPassingAsserts":2,"retryReasons":[],"startAt":1764901410321,"status":"passed","title":"validateBody calls next and sets parsed body on success"},{"ancestorTitles":["validate middleware"],"duration":1,"failing":false,"failureDetails":[],"failureMessages":[],"fullName":"validate middleware validateBody responds 400 with zod errors on invalid body","invocations":1,"location":null,"numPassingAsserts":3,"retryReasons":[],"startAt":1764901410323,"status":"passed","title":"validateBody responds 400 with zod errors on invalid body"},{"ancestorTitles":["validate middleware"],"duration":0,"failing":false,"failureDetails":[],"failureMessages":[],"fullName":"validate middleware validateParams calls next and sets parsed params on success","invocations":1,"location":null,"numPassingAsserts":2,"retryReasons":[],"startAt":1764901410325,"status":"passed","title":"validateParams calls next and sets parsed params on success"},{"ancestorTitles":["validate middleware"],"duration":1,"failing":false,"failureDetails":[],"failureMessages":[],"fullName":"validate middleware validateParams responds 400 with zod errors on invalid params","invocations":1,"location":null,"numPassingAsserts":3,"retryReasons":[],"startAt":1764901410326,"status":"passed","title":"validateParams responds 400 with zod errors on invalid params"},{"ancestorTitles":["validate middleware"],"duration":0,"failing":false,"failureDetails":[],"failureMessages":[],"fullName":"validate middleware validateBody handles non-Zod errors and includes message","invocations":1,"location":null,"numPassingAsserts":3,"retryReasons":[],"startAt":1764901410327,"status":"passed","title":"validateBody handles non-Zod errors and includes message"}],"endTime":1764901410328,"message":"","name":"C:\\Users\\jesjc\\OneDrive\\Documentos\\TrivIAndo\\triviando-backend\\tests\\validate.middleware.test.ts","startTime":1764901410286,"status":"passed","summary":""},{"assertionResults":[{"ancestorTitles":["initSocketServer"],"duration":1,"failing":false,"failureDetails":[],"failureMessages":[],"fullName":"initSocketServer should instantiate socket.io Server with httpServer and cors options","invocations":1,"location":null,"numPassingAsserts":5,"retryReasons":[],"startAt":1764901410391,"status":"passed","title":"should instantiate socket.io Server with httpServer and cors options"},{"ancestorTitles":["initSocketServer"],"duration":0,"failing":false,"failureDetails":[],"failureMessages":[],"fullName":"initSocketServer should apply socketAuthMiddleware via io.use","invocations":1,"location":null,"numPassingAsserts":1,"retryReasons":[],"startAt":1764901410392,"status":"passed","title":"should apply socketAuthMiddleware via io.use"},{"ancestorTitles":["initSocketServer"],"duration":1,"failing":false,"failureDetails":[],"failureMessages":[],"fullName":"initSocketServer should register connection handler that logs and calls registerRoomHandlers","invocations":1,"location":null,"numPassingAsserts":5,"retryReasons":[],"startAt":1764901410393,"status":"passed","title":"should register connection handler that logs and calls registerRoomHandlers"}],"endTime":1764901410394,"message":"","name":"C:\\Users\\jesjc\\OneDrive\\Documentos\\TrivIAndo\\triviando-backend\\tests\\socketServer.test.ts","startTime":1764901410333,"status":"passed","summary":""},{"assertionResults":[{"ancestorTitles":["🧱 Middleware Tests","errorHandler"],"duration":1,"failing":false,"failureDetails":[],"failureMessages":[],"fullName":"🧱 Middleware Tests errorHandler should respond with custom error message and status","invocations":1,"location":null,"numPassingAsserts":3,"retryReasons":[],"startAt":1764901410433,"status":"passed","title":"should respond with custom error message and status"},{"ancestorTitles":["🧱 Middleware Tests","errorHandler"],"duration":0,"failing":false,"failureDetails":[],"failureMessages":[],"fullName":"🧱 Middleware Tests errorHandler should respond with 500 if no statusCode is provided","invocations":1,"location":null,"numPassingAsserts":2,"retryReasons":[],"startAt":1764901410435,"status":"passed","title":"should respond with 500 if no statusCode is provided"},{"ancestorTitles":["🧱 Middleware Tests","errorHandler"],"duration":1,"failing":false,"failureDetails":[],"failureMessages":[],"fullName":"🧱 Middleware Tests errorHandler should handle errors with no message gracefully","invocations":1,"location":null,"numPassingAsserts":2,"retryReasons":[],"startAt":1764901410435,"status":"passed","title":"should handle errors with no message gracefully"},{"ancestorTitles":["🧱 Middleware Tests","authMiddleware"],"duration":1,"failing":false,"failureDetails":[],"failureMessages":[],"fullName":"🧱 Middleware Tests authMiddleware should return 401 if no token provided","invocations":1,"location":null,"numPassingAsserts":3,"retryReasons":[],"startAt":1764901410436,"status":"passed","title":"should return 401 if no token provided"},{"ancestorTitles":["🧱 Middleware Tests","authMiddleware"],"duration":2,"failing":false,"failureDetails":[],"failureMessages":[],"fullName":"🧱 Middleware Tests authMiddleware should return 401 if header format is invalid","invocations":1,"location":null,"numPassingAsserts":3,"retryReasons":[],"startAt":1764901410437,"status":"passed","title":"should return 401 if header format is invalid"},{"ancestorTitles":["🧱 Middleware Tests","authMiddleware"],"duration":1,"failing":false,"failureDetails":[],"failureMessages":[],"fullName":"🧱 Middleware Tests authMiddleware should return 401 if JWT_SECRET is not configured","invocations":1,"location":null,"numPassingAsserts":3,"retryReasons":[],"startAt":1764901410440,"status":"passed","title":"should return 401 if JWT_SECRET is not configured"},{"ancestorTitles":["🧱 Middleware Tests","authMiddleware"],"duration":0,"failing":false,"failureDetails":[],"failureMessages":[],"fullName":"🧱 Middleware Tests authMiddleware should call next() if token is valid","invocations":1,"location":null,"numPassingAsserts":4,"retryReasons":[],"startAt":1764901410442,"status":"passed","title":"should call next() if token is valid"},{"ancestorTitles":["🧱 Middleware Tests","authMiddleware"],"duration":1,"failing":false,"failureDetails":[],"failureMessages":[],"fullName":"🧱 Middleware Tests authMiddleware should return 401 if token is invalid","invocations":1,"location":null,"numPassingAsserts":3,"retryReasons":[],"startAt":1764901410442,"status":"passed","title":"should return 401 if token is invalid"}],"endTime":1764901410444,"message":"","name":"C:\\Users\\jesjc\\OneDrive\\Documentos\\TrivIAndo\\triviando-backend\\tests\\middleware.test.ts","startTime":1764901410400,"status":"passed","summary":""},{"assertionResults":[{"ancestorTitles":["responses util"],"duration":1,"failing":false,"failureDetails":[],"failureMessages":[],"fullName":"responses util unauthorized default message","invocations":1,"location":null,"numPassingAsserts":2,"retryReasons":[],"startAt":1764901410469,"status":"passed","title":"unauthorized default message"},{"ancestorTitles":["responses util"],"duration":1,"failing":false,"failureDetails":[],"failureMessages":[],"fullName":"responses util unauthorized custom message","invocations":1,"location":null,"numPassingAsserts":2,"retryReasons":[],"startAt":1764901410470,"status":"passed","title":"unauthorized custom message"},{"ancestorTitles":["responses util"],"duration":1,"failing":false,"failureDetails":[],"failureMessages":[],"fullName":"responses util forbidden default message","invocations":1,"location":null,"numPassingAsserts":2,"retryReasons":[],"startAt":1764901410471,"status":"passed","title":"forbidden default message"},{"ancestorTitles":["responses util"],"duration":0,"failing":false,"failureDetails":[],"failureMessages":[],"fullName":"responses util forbidden custom message","invocations":1,"location":null,"numPassingAsserts":2,"retryReasons":[],"startAt":1764901410472,"status":"passed","title":"forbidden custom message"}],"endTime":1764901410473,"message":"","name":"C:\\Users\\jesjc\\OneDrive\\Documentos\\TrivIAndo\\triviando-backend\\tests\\responses.test.ts","startTime":1764901410449,"status":"passed","summary":""},{"assertionResults":[{"ancestorTitles":["Room Builders","buildRoomCacheData"],"duration":1,"failing":false,"failureDetails":[],"failureMessages":[],"fullName":"Room Builders buildRoomCacheData should correctly build cache room data","invocations":1,"location":null,"numPassingAsserts":1,"retryReasons":[],"startAt":1764901410503,"status":"passed","title":"should correctly build cache room data"},{"ancestorTitles":["Room Builders","buildRoomCacheData"],"duration":0,"failing":false,"failureDetails":[],"failureMessages":[],"fullName":"Room Builders buildRoomCacheData should return empty players array if room has no players","invocations":1,"location":null,"numPassingAsserts":1,"retryReasons":[],"startAt":1764901410505,"status":"passed","title":"should return empty players array if room has no players"},{"ancestorTitles":["Room Builders","buildSanitizedRoom"],"duration":1,"failing":false,"failureDetails":[],"failureMessages":[],"fullName":"Room Builders buildSanitizedRoom should fallback to raw userId when toString does not exist","invocations":1,"location":null,"numPassingAsserts":1,"retryReasons":[],"startAt":1764901410506,"status":"passed","title":"should fallback to raw userId when toString does not exist"},{"ancestorTitles":["Room Builders","buildSanitizedRoom"],"duration":1,"failing":false,"failureDetails":[],"failureMessages":[],"fullName":"Room Builders buildSanitizedRoom should fallback to raw userId when toString is not a function","invocations":1,"location":null,"numPassingAsserts":1,"retryReasons":[],"startAt":1764901410508,"status":"passed","title":"should fallback to raw userId when toString is not a function"}],"endTime":1764901410511,"message":"","name":"C:\\Users\\jesjc\\OneDrive\\Documentos\\TrivIAndo\\triviando-backend\\tests\\roomHelpers.test.ts","startTime":1764901410478,"status":"passed","summary":""},{"assertionResults":[{"ancestorTitles":["resolveUserName","when user.name is provided"],"duration":2,"failing":false,"failureDetails":[],"failureMessages":[],"fullName":"resolveUserName when user.name is provided returns the provided name without querying the database","invocations":1,"location":null,"numPassingAsserts":2,"retryReasons":[],"startAt":1764901410547,"status":"passed","title":"returns the provided name without querying the database"},{"ancestorTitles":["resolveUserName","when user.name is provided"],"duration":1,"failing":false,"failureDetails":[],"failureMessages":[],"fullName":"resolveUserName when user.name is provided returns the provided name even with whitespace","invocations":1,"location":null,"numPassingAsserts":2,"retryReasons":[],"startAt":1764901410549,"status":"passed","title":"returns the provided name even with whitespace"},{"ancestorTitles":["resolveUserName","when user.name is undefined, null, or empty"],"duration":0,"failing":false,"failureDetails":[],"failureMessages":[],"fullName":"resolveUserName when user.name is undefined, null, or empty fetches name from database when name is undefined","invocations":1,"location":null,"numPassingAsserts":2,"retryReasons":[],"startAt":1764901410551,"status":"passed","title":"fetches name from database when name is undefined"},{"ancestorTitles":["resolveUserName","when user.name is undefined, null, or empty"],"duration":0,"failing":false,"failureDetails":[],"failureMessages":[],"fullName":"resolveUserName when user.name is undefined, null, or empty fetches name from database when name is empty string","invocations":1,"location":null,"numPassingAsserts":2,"retryReasons":[],"startAt":1764901410552,"status":"passed","title":"fetches name from database when name is empty string"},{"ancestorTitles":["resolveUserName","when user.name is undefined, null, or empty"],"duration":0,"failing":false,"failureDetails":[],"failureMessages":[],"fullName":"resolveUserName when user.name is undefined, null, or empty fetches name from database when name is whitespace only","invocations":1,"location":null,"numPassingAsserts":2,"retryReasons":[],"startAt":1764901410553,"status":"passed","title":"fetches name from database when name is whitespace only"},{"ancestorTitles":["resolveUserName","when user.name is undefined, null, or empty"],"duration":0,"failing":false,"failureDetails":[],"failureMessages":[],"fullName":"resolveUserName when user.name is undefined, null, or empty returns \"Anonymous\" if user is not found in database","invocations":1,"location":null,"numPassingAsserts":2,"retryReasons":[],"startAt":1764901410554,"status":"passed","title":"returns \"Anonymous\" if user is not found in database"},{"ancestorTitles":["resolveUserName","when user.name is undefined, null, or empty"],"duration":0,"failing":false,"failureDetails":[],"failureMessages":[],"fullName":"resolveUserName when user.name is undefined, null, or empty returns \"Anonymous\" if user has no name in database","invocations":1,"location":null,"numPassingAsserts":2,"retryReasons":[],"startAt":1764901410555,"status":"passed","title":"returns \"Anonymous\" if user has no name in database"},{"ancestorTitles":["resolveUserName","when database fetch fails"],"duration":0,"failing":false,"failureDetails":[],"failureMessages":[],"fullName":"resolveUserName when database fetch fails returns \"Anonymous\" on database error","invocations":1,"location":null,"numPassingAsserts":2,"retryReasons":[],"startAt":1764901410556,"status":"passed","title":"returns \"Anonymous\" on database error"},{"ancestorTitles":["resolveUserName","when database fetch fails"],"duration":0,"failing":false,"failureDetails":[],"failureMessages":[],"fullName":"resolveUserName when database fetch fails returns \"Anonymous\" when lean() rejects","invocations":1,"location":null,"numPassingAsserts":2,"retryReasons":[],"startAt":1764901410557,"status":"passed","title":"returns \"Anonymous\" when lean() rejects"}],"endTime":1764901410558,"message":"","name":"C:\\Users\\jesjc\\OneDrive\\Documentos\\TrivIAndo\\triviando-backend\\tests\\userHelpers.test.ts","startTime":1764901410518,"status":"passed","summary":""},{"assertionResults":[{"ancestorTitles":["logger"],"duration":6,"failing":false,"failureDetails":[],"failureMessages":[],"fullName":"logger provides test proxy logger when NODE_ENV=test","invocations":1,"location":null,"numPassingAsserts":4,"retryReasons":[],"startAt":1764901410583,"status":"passed","title":"provides test proxy logger when NODE_ENV=test"},{"ancestorTitles":["logger"],"duration":6,"failing":false,"failureDetails":[],"failureMessages":[],"fullName":"logger provides pino logger when NODE_ENV=development","invocations":1,"location":null,"numPassingAsserts":6,"retryReasons":[],"startAt":1764901410590,"status":"passed","title":"provides pino logger when NODE_ENV=development"},{"ancestorTitles":["logger"],"duration":5,"failing":false,"failureDetails":[],"failureMessages":[],"fullName":"logger provides pino logger when NODE_ENV=production","invocations":1,"location":null,"numPassingAsserts":3,"retryReasons":[],"startAt":1764901410597,"status":"passed","title":"provides pino logger when NODE_ENV=production"}],"endTime":1764901410603,"message":"","name":"C:\\Users\\jesjc\\OneDrive\\Documentos\\TrivIAndo\\triviando-backend\\tests\\logger.test.ts","startTime":1764901410563,"status":"passed","summary":""},{"assertionResults":[{"ancestorTitles":["responses utils"],"duration":1,"failing":false,"failureDetails":[],"failureMessages":[],"fullName":"responses utils unauthorized sets 401 and message","invocations":1,"location":null,"numPassingAsserts":2,"retryReasons":[],"startAt":1764901410627,"status":"passed","title":"unauthorized sets 401 and message"},{"ancestorTitles":["responses utils"],"duration":1,"failing":false,"failureDetails":[],"failureMessages":[],"fullName":"responses utils forbidden sets 403 and default message","invocations":1,"location":null,"numPassingAsserts":2,"retryReasons":[],"startAt":1764901410628,"status":"passed","title":"forbidden sets 403 and default message"}],"endTime":1764901410629,"message":"","name":"C:\\Users\\jesjc\\OneDrive\\Documentos\\TrivIAndo\\triviando-backend\\tests\\utils.responses.test.ts","startTime":1764901410607,"status":"passed","summary":""},{"assertionResults":[{"ancestorTitles":["Chat module full flow"],"duration":3,"failing":false,"failureDetails":[],"failureMessages":[],"fullName":"Chat module full flow should keep only the last 20 messages in chat history","invocations":1,"location":null,"numPassingAsserts":53,"retryReasons":[],"startAt":1764901410655,"status":"passed","title":"should keep only the last 20 messages in chat history"},{"ancestorTitles":["Chat module full flow"],"duration":0,"failing":false,"failureDetails":[],"failureMessages":[],"fullName":"Chat module full flow should return empty array if no messages exist","invocations":1,"location":null,"numPassingAsserts":1,"retryReasons":[],"startAt":1764901410659,"status":"passed","title":"should return empty array if no messages exist"}],"endTime":1764901410660,"message":"","name":"C:\\Users\\jesjc\\OneDrive\\Documentos\\TrivIAndo\\triviando-backend\\tests\\redisChat.test.ts","startTime":1764901410634,"status":"passed","summary":""},{"assertionResults":[{"ancestorTitles":["bull helpers"],"duration":1,"failing":false,"failureDetails":[],"failureMessages":[],"fullName":"bull helpers should create a Queue with correct name and connection","invocations":1,"location":null,"numPassingAsserts":2,"retryReasons":[],"startAt":1764901410686,"status":"passed","title":"should create a Queue with correct name and connection"},{"ancestorTitles":["bull helpers"],"duration":0,"failing":false,"failureDetails":[],"failureMessages":[],"fullName":"bull helpers should export Worker from bullmq","invocations":1,"location":null,"numPassingAsserts":2,"retryReasons":[],"startAt":1764901410688,"status":"passed","title":"should export Worker from bullmq"}],"endTime":1764901410689,"message":"","name":"C:\\Users\\jesjc\\OneDrive\\Documentos\\TrivIAndo\\triviando-backend\\tests\\bull.test.ts","startTime":1764901410664,"status":"passed","summary":""}],"wasInterrupted":false,"coverageMap":{"C:\\Users\\jesjc\\OneDrive\\Documentos\\TrivIAndo\\triviando-backend\\src\\models\\trivia.model.ts":{"path":"C:\\Users\\jesjc\\OneDrive\\Documentos\\TrivIAndo\\triviando-backend\\src\\models\\trivia.model.ts","statementMap":{"0":{"start":{"line":1,"column":0},"end":{"line":1,"column":51}},"1":{"start":{"line":16,"column":23},"end":{"line":21,"column":2}},"2":{"start":{"line":23,"column":21},"end":{"line":29,"column":null}},"3":{"start":{"line":32,"column":13},"end":{"line":32,"column":68}}},"fnMap":{},"branchMap":{},"s":{"0":10,"1":10,"2":10,"3":10},"f":{},"b":{}},"C:\\Users\\jesjc\\OneDrive\\Documentos\\TrivIAndo\\triviando-backend\\src\\controllers\\trivia.controller.ts":{"path":"C:\\Users\\jesjc\\OneDrive\\Documentos\\TrivIAndo\\triviando-backend\\src\\controllers\\trivia.controller.ts","statementMap":{"0":{"start":{"line":2,"column":0},"end":{"line":2,"column":48}},"1":{"start":{"line":3,"column":0},"end":{"line":3,"column":68}},"2":{"start":{"line":5,"column":0},"end":{"line":5,"column":37}},"3":{"start":{"line":7,"column":14},"end":{"line":7,"column":69}},"4":{"start":{"line":7,"column":30},"end":{"line":7,"column":69}},"5":{"start":{"line":7,"column":49},"end":{"line":7,"column":68}},"6":{"start":{"line":9,"column":30},"end":{"line":61,"column":1}},"7":{"start":{"line":10,"column":2},"end":{"line":60,"column":3}},"8":{"start":{"line":11,"column":32},"end":{"line":11,"column":40}},"9":{"start":{"line":13,"column":4},"end":{"line":15,"column":5}},"10":{"start":{"line":14,"column":6},"end":{"line":14,"column":79}},"11":{"start":{"line":17,"column":4},"end":{"line":19,"column":5}},"12":{"start":{"line":18,"column":6},"end":{"line":18,"column":97}},"13":{"start":{"line":21,"column":23},"end":{"line":21,"column":24}},"14":{"start":{"line":22,"column":19},"end":{"line":22,"column":20}},"15":{"start":{"line":23,"column":27},"end":{"line":23,"column":29}},"16":{"start":{"line":25,"column":4},"end":{"line":38,"column":5}},"17":{"start":{"line":26,"column":6},"end":{"line":37,"column":7}},"18":{"start":{"line":27,"column":8},"end":{"line":27,"column":61}},"19":{"start":{"line":28,"column":8},"end":{"line":28,"column":14}},"20":{"start":{"line":30,"column":8},"end":{"line":30,"column":19}},"21":{"start":{"line":31,"column":8},"end":{"line":31,"column":107}},"22":{"start":{"line":32,"column":8},"end":{"line":36,"column":9}},"23":{"start":{"line":33,"column":10},"end":{"line":33,"column":39}},"24":{"start":{"line":35,"column":10},"end":{"line":35,"column":20}},"25":{"start":{"line":40,"column":19},"end":{"line":44,"column":6}},"26":{"start":{"line":46,"column":4},"end":{"line":46,"column":24}},"27":{"start":{"line":48,"column":4},"end":{"line":53,"column":7}},"28":{"start":{"line":55,"column":4},"end":{"line":55,"column":102}},"29":{"start":{"line":56,"column":4},"end":{"line":59,"column":7}},"30":{"start":{"line":9,"column":13},"end":{"line":9,"column":30}}},"fnMap":{"0":{"name":"(anonymous_1)","decl":{"start":{"line":7,"column":14},"end":{"line":7,"column":15}},"loc":{"start":{"line":7,"column":30},"end":{"line":7,"column":69}}},"1":{"name":"(anonymous_2)","decl":{"start":{"line":7,"column":42},"end":{"line":7,"column":45}},"loc":{"start":{"line":7,"column":49},"end":{"line":7,"column":68}}},"2":{"name":"(anonymous_3)","decl":{"start":{"line":9,"column":30},"end":{"line":9,"column":35}},"loc":{"start":{"line":9,"column":72},"end":{"line":61,"column":1}}}},"branchMap":{"0":{"loc":{"start":{"line":13,"column":4},"end":{"line":15,"column":5}},"type":"if","locations":[{"start":{"line":13,"column":4},"end":{"line":15,"column":5}},{"start":{},"end":{}}]},"1":{"loc":{"start":{"line":13,"column":8},"end":{"line":13,"column":37}},"type":"binary-expr","locations":[{"start":{"line":13,"column":8},"end":{"line":13,"column":14}},{"start":{"line":13,"column":18},"end":{"line":13,"column":37}}]},"2":{"loc":{"start":{"line":17,"column":4},"end":{"line":19,"column":5}},"type":"if","locations":[{"start":{"line":17,"column":4},"end":{"line":19,"column":5}},{"start":{},"end":{}}]},"3":{"loc":{"start":{"line":17,"column":8},"end":{"line":17,"column":50}},"type":"binary-expr","locations":[{"start":{"line":17,"column":8},"end":{"line":17,"column":17}},{"start":{"line":17,"column":21},"end":{"line":17,"column":33}},{"start":{"line":17,"column":37},"end":{"line":17,"column":50}}]},"4":{"loc":{"start":{"line":31,"column":46},"end":{"line":31,"column":65}},"type":"binary-expr","locations":[{"start":{"line":31,"column":46},"end":{"line":31,"column":58}},{"start":{"line":31,"column":62},"end":{"line":31,"column":65}}]},"5":{"loc":{"start":{"line":32,"column":8},"end":{"line":36,"column":9}},"type":"if","locations":[{"start":{"line":32,"column":8},"end":{"line":36,"column":9}},{"start":{"line":34,"column":15},"end":{"line":36,"column":9}}]},"6":{"loc":{"start":{"line":43,"column":16},"end":{"line":43,"column":62}},"type":"binary-expr","locations":[{"start":{"line":43,"column":16},"end":{"line":43,"column":37}},{"start":{"line":43,"column":42},"end":{"line":43,"column":62}}]},"7":{"loc":{"start":{"line":55,"column":24},"end":{"line":55,"column":47}},"type":"binary-expr","locations":[{"start":{"line":55,"column":24},"end":{"line":55,"column":38}},{"start":{"line":55,"column":42},"end":{"line":55,"column":47}}]}},"s":{"0":3,"1":3,"2":3,"3":3,"4":6,"5":6,"6":3,"7":8,"8":8,"9":8,"10":1,"11":7,"12":1,"13":6,"14":6,"15":6,"16":6,"17":12,"18":12,"19":5,"20":7,"21":7,"22":7,"23":6,"24":1,"25":5,"26":5,"27":4,"28":2,"29":2,"30":3},"f":{"0":6,"1":6,"2":8},"b":{"0":[1,7],"1":[8,7],"2":[1,6],"3":[7,7,6],"4":[7,0],"5":[6,1],"6":[5,5],"7":[2,0]}},"C:\\Users\\jesjc\\OneDrive\\Documentos\\TrivIAndo\\triviando-backend\\src\\utils\\logger.ts":{"path":"C:\\Users\\jesjc\\OneDrive\\Documentos\\TrivIAndo\\triviando-backend\\src\\utils\\logger.ts","statementMap":{"0":{"start":{"line":1,"column":0},"end":{"line":1,"column":24}},"1":{"start":{"line":3,"column":15},"end":{"line":3,"column":46}},"2":{"start":{"line":4,"column":14},"end":{"line":4,"column":62}},"3":{"start":{"line":6,"column":19},"end":{"line":11,"column":11}},"4":{"start":{"line":7,"column":28},"end":{"line":7,"column":48}},"5":{"start":{"line":8,"column":28},"end":{"line":8,"column":49}},"6":{"start":{"line":9,"column":29},"end":{"line":9,"column":51}},"7":{"start":{"line":10,"column":15},"end":{"line":10,"column":25}},"8":{"start":{"line":14,"column":24},"end":{"line":14,"column":132}},"9":{"start":{"line":16,"column":15},"end":{"line":28,"column":6}},"10":{"start":{"line":30,"column":0},"end":{"line":30,"column":22}}},"fnMap":{"0":{"name":"(anonymous_1)","decl":{"start":{"line":7,"column":8},"end":{"line":7,"column":9}},"loc":{"start":{"line":7,"column":28},"end":{"line":7,"column":48}}},"1":{"name":"(anonymous_2)","decl":{"start":{"line":8,"column":8},"end":{"line":8,"column":9}},"loc":{"start":{"line":8,"column":28},"end":{"line":8,"column":49}}},"2":{"name":"(anonymous_3)","decl":{"start":{"line":9,"column":9},"end":{"line":9,"column":10}},"loc":{"start":{"line":9,"column":29},"end":{"line":9,"column":51}}},"3":{"name":"(anonymous_4)","decl":{"start":{"line":10,"column":9},"end":{"line":10,"column":12}},"loc":{"start":{"line":10,"column":15},"end":{"line":10,"column":25}}}},"branchMap":{"0":{"loc":{"start":{"line":4,"column":14},"end":{"line":4,"column":62}},"type":"binary-expr","locations":[{"start":{"line":4,"column":14},"end":{"line":4,"column":51}},{"start":{"line":4,"column":55},"end":{"line":4,"column":62}}]},"1":{"loc":{"start":{"line":14,"column":24},"end":{"line":14,"column":132}},"type":"binary-expr","locations":[{"start":{"line":14,"column":24},"end":{"line":14,"column":29}},{"start":{"line":14,"column":33},"end":{"line":14,"column":40}},{"start":{"line":14,"column":44},"end":{"line":14,"column":93}},{"start":{"line":14,"column":97},"end":{"line":14,"column":132}}]},"2":{"loc":{"start":{"line":16,"column":15},"end":{"line":28,"column":6}},"type":"cond-expr","locations":[{"start":{"line":17,"column":4},"end":{"line":17,"column":14}},{"start":{"line":18,"column":4},"end":{"line":28,"column":6}}]},"3":{"loc":{"start":{"line":19,"column":13},"end":{"line":19,"column":44}},"type":"binary-expr","locations":[{"start":{"line":19,"column":13},"end":{"line":19,"column":34}},{"start":{"line":19,"column":38},"end":{"line":19,"column":44}}]},"4":{"loc":{"start":{"line":22,"column":17},"end":{"line":27,"column":19}},"type":"cond-expr","locations":[{"start":{"line":23,"column":10},"end":{"line":26,"column":null}},{"start":{"line":27,"column":10},"end":{"line":27,"column":19}}]}},"s":{"0":29,"1":29,"2":29,"3":29,"4":2,"5":19,"6":16,"7":0,"8":29,"9":29,"10":29},"f":{"0":2,"1":19,"2":16,"3":0},"b":{"0":[29,28],"1":[29,1,1,0],"2":[27,2],"3":[2,2],"4":[0,2]}},"C:\\Users\\jesjc\\OneDrive\\Documentos\\TrivIAndo\\triviando-backend\\src\\models\\room.model.ts":{"path":"C:\\Users\\jesjc\\OneDrive\\Documentos\\TrivIAndo\\triviando-backend\\src\\m
[...]
110,"column":26}},"68":{"start":{"line":111,"column":2},"end":{"line":111,"column":21}},"69":{"start":{"line":112,"column":2},"end":{"line":112,"column":27}},"70":{"start":{"line":113,"column":2},"end":{"line":113,"column":34}},"71":{"start":{"line":114,"column":2},"end":{"line":114,"column":35}},"72":{"start":{"line":115,"column":2},"end":{"line":115,"column":41}},"73":{"start":{"line":117,"column":2},"end":{"line":125,"column":11}},"74":{"start":{"line":118,"column":22},"end":{"line":118,"column":66}},"75":{"start":{"line":119,"column":20},"end":{"line":119,"column":147}},"76":{"start":{"line":120,"column":4},"end":{"line":124,"column":5}},"77":{"start":{"line":121,"column":6},"end":{"line":121,"column":30}},"78":{"start":{"line":123,"column":6},"end":{"line":123,"column":33}},"79":{"start":{"line":129,"column":16},"end":{"line":129,"column":40}},"80":{"start":{"line":130,"column":2},"end":{"line":130,"column":21}},"81":{"start":{"line":130,"column":14},"end":{"line":130,"column":21}},"82":{"start":{"line":131,"column":17},"end":{"line":131,"column":61}},"83":{"start":{"line":132,"column":2},"end":{"line":132,"column":22}},"84":{"start":{"line":132,"column":15},"end":{"line":132,"column":22}},"85":{"start":{"line":134,"column":12},"end":{"line":134,"column":56}},"86":{"start":{"line":135,"column":2},"end":{"line":138,"column":3}},"87":{"start":{"line":136,"column":4},"end":{"line":136,"column":28}},"88":{"start":{"line":137,"column":4},"end":{"line":137,"column":11}},"89":{"start":{"line":139,"column":17},"end":{"line":139,"column":41}},"90":{"start":{"line":140,"column":22},"end":{"line":140,"column":119}},"91":{"start":{"line":142,"column":2},"end":{"line":142,"column":55}},"92":{"start":{"line":143,"column":2},"end":{"line":143,"column":49}},"93":{"start":{"line":144,"column":2},"end":{"line":144,"column":27}},"94":{"start":{"line":145,"column":2},"end":{"line":145,"column":27}},"95":{"start":{"line":146,"column":2},"end":{"line":146,"column":35}},"96":{"start":{"line":147,"column":2},"end":{"line":147,"column":41}},"97":{"start":{"line":149,"column":2},"end":{"line":153,"column":5}},"98":{"start":{"line":155,"column":2},"end":{"line":173,"column":27}},"99":{"start":{"line":156,"column":4},"end":{"line":156,"column":32}},"100":{"start":{"line":157,"column":14},"end":{"line":157,"column":38}},"101":{"start":{"line":158,"column":4},"end":{"line":158,"column":62}},"102":{"start":{"line":158,"column":55},"end":{"line":158,"column":62}},"103":{"start":{"line":159,"column":4},"end":{"line":159,"column":22}},"104":{"start":{"line":160,"column":4},"end":{"line":160,"column":33}},"105":{"start":{"line":161,"column":4},"end":{"line":161,"column":39}},"106":{"start":{"line":162,"column":4},"end":{"line":162,"column":113}},"107":{"start":{"line":164,"column":4},"end":{"line":172,"column":29}},"108":{"start":{"line":165,"column":21},"end":{"line":165,"column":45}},"109":{"start":{"line":166,"column":6},"end":{"line":166,"column":74}},"110":{"start":{"line":166,"column":67},"end":{"line":166,"column":74}},"111":{"start":{"line":167,"column":6},"end":{"line":167,"column":92}},"112":{"start":{"line":167,"column":85},"end":{"line":167,"column":92}},"113":{"start":{"line":168,"column":20},"end":{"line":168,"column":62}},"114":{"start":{"line":169,"column":6},"end":{"line":169,"column":24}},"115":{"start":{"line":169,"column":17},"end":{"line":169,"column":24}},"116":{"start":{"line":170,"column":6},"end":{"line":170,"column":34}},"117":{"start":{"line":171,"column":6},"end":{"line":171,"column":59}},"118":{"start":{"line":177,"column":16},"end":{"line":177,"column":40}},"119":{"start":{"line":178,"column":2},"end":{"line":178,"column":21}},"120":{"start":{"line":178,"column":14},"end":{"line":178,"column":21}},"121":{"start":{"line":181,"column":19},"end":{"line":181,"column":63}},"122":{"start":{"line":182,"column":2},"end":{"line":182,"column":23}},"123":{"start":{"line":182,"column":16},"end":{"line":182,"column":23}},"124":{"start":{"line":185,"column":20},"end":{"line":185,"column":64}},"125":{"start":{"line":186,"column":24},"end":{"line":191,"column":62}},"126":{"start":{"line":188,"column":21},"end":{"line":188,"column":72}},"127":{"start":{"line":188,"column":52},"end":{"line":188,"column":71}},"128":{"start":{"line":189,"column":6},"end":{"line":189,"column":85}},"129":{"start":{"line":191,"column":21},"end":{"line":191,"column":61}},"130":{"start":{"line":193,"column":14},"end":{"line":193,"column":91}},"131":{"start":{"line":194,"column":21},"end":{"line":194,"column":95}},"132":{"start":{"line":195,"column":2},"end":{"line":202,"column":3}},"133":{"start":{"line":196,"column":4},"end":{"line":196,"column":29}},"134":{"start":{"line":197,"column":4},"end":{"line":197,"column":34}},"135":{"start":{"line":198,"column":4},"end":{"line":198,"column":44}},"136":{"start":{"line":199,"column":4},"end":{"line":199,"column":37}},"137":{"start":{"line":200,"column":4},"end":{"line":200,"column":31}},"138":{"start":{"line":201,"column":4},"end":{"line":201,"column":11}},"139":{"start":{"line":204,"column":17},"end":{"line":204,"column":33}},"140":{"start":{"line":205,"column":26},"end":{"line":210,"column":6}},"141":{"start":{"line":206,"column":4},"end":{"line":208,"column":5}},"142":{"start":{"line":207,"column":6},"end":{"line":207,"column":106}},"143":{"start":{"line":209,"column":4},"end":{"line":209,"column":26}},"144":{"start":{"line":212,"column":2},"end":{"line":212,"column":28}},"145":{"start":{"line":213,"column":2},"end":{"line":213,"column":35}},"146":{"start":{"line":215,"column":2},"end":{"line":225,"column":3}},"147":{"start":{"line":216,"column":4},"end":{"line":222,"column":14}},"148":{"start":{"line":224,"column":4},"end":{"line":224,"column":92}},"149":{"start":{"line":227,"column":2},"end":{"line":227,"column":70}}},"fnMap":{"0":{"name":"handleWinnerTimeoutSafe","decl":{"start":{"line":19,"column":22},"end":{"line":19,"column":45}},"loc":{"start":{"line":19,"column":109},"end":{"line":38,"column":1}}},"1":{"name":"(anonymous_2)","decl":{"start":{"line":37,"column":13},"end":{"line":37,"column":16}},"loc":{"start":{"line":37,"column":19},"end":{"line":37,"column":69}}},"2":{"name":"finalizeResultState","decl":{"start":{"line":40,"column":15},"end":{"line":40,"column":34}},"loc":{"start":{"line":40,"column":114},"end":{"line":61,"column":1}}},"3":{"name":"(anonymous_4)","decl":{"start":{"line":44,"column":26},"end":{"line":44,"column":27}},"loc":{"start":{"line":44,"column":37},"end":{"line":46,"column":5}}},"4":{"name":"startRoundOpenButtonAgain","decl":{"start":{"line":63,"column":15},"end":{"line":63,"column":40}},"loc":{"start":{"line":63,"column":88},"end":{"line":90,"column":1}}},"5":{"name":"(anonymous_6)","decl":{"start":{"line":67,"column":40},"end":{"line":67,"column":41}},"loc":{"start":{"line":67,"column":52},"end":{"line":67,"column":76}}},"6":{"name":"(anonymous_7)","decl":{"start":{"line":80,"column":56},"end":{"line":80,"column":61}},"loc":{"start":{"line":80,"column":67},"end":{"line":89,"column":3}}},"7":{"name":"handleNoPresses","decl":{"start":{"line":92,"column":15},"end":{"line":92,"column":30}},"loc":{"start":{"line":92,"column":78},"end":{"line":126,"column":1}}},"8":{"name":"(anonymous_9)","decl":{"start":{"line":117,"column":13},"end":{"line":117,"column":18}},"loc":{"start":{"line":117,"column":24},"end":{"line":125,"column":3}}},"9":{"name":"startRound","decl":{"start":{"line":128,"column":15},"end":{"line":128,"column":25}},"loc":{"start":{"line":128,"column":50},"end":{"line":174,"column":1}}},"10":{"name":"(anonymous_11)","decl":{"start":{"line":155,"column":61},"end":{"line":155,"column":66}},"loc":{"start":{"line":155,"column":72},"end":{"line":173,"column":3}}},"11":{"name":"(anonymous_12)","decl":{"start":{"line":164,"column":64},"end":{"line":164,"column":69}},"loc":{"start":{"line":164,"column":75},"end":{"line":172,"column":5}}},"12":{"name":"endGame","decl":{"start":{"line":176,"column":15},"end":{"line":176,"column":22}},"loc":{"start":{"line":176,"column":47},"end":{"line":228,"column":1}}},"13":{"name":"(anonymous_14)","decl":{"start":{"line":187,"column":9},"end":{"line":187,"column":10}},"loc":{"start":{"line":187,"column":29},"end":{"line":190,"column":5}}},"14":{"name":"(anonymous_15)","decl":{"start":{"line":188,"column":40},"end":{"line":188,"column":41}},"loc":{"start":{"line":188,"column":52},"end":{"line":188,"column":71}}},"15":{"name":"(anonymous_16)","decl":{"start":{"line":191,"column":10},"end":{"line":191,"column":11}},"loc":{"start":{"line":191,"column":21},"end":{"line":191,"column":61}}},"16":{"name":"(anonymous_17)","decl":{"start":{"line":205,"column":27},"end":{"line":205,"column":30}},"loc":{"start":{"line":205,"column":32},"end":{"line":210,"column":3}}}},"branchMap":{"0":{"loc":{"start":{"line":21,"column":2},"end":{"line":21,"column":62}},"type":"if","locations":[{"start":{"line":21,"column":2},"end":{"line":21,"column":62}},{"start":{},"end":{}}]},"1":{"loc":{"start":{"line":21,"column":6},"end":{"line":21,"column":53}},"type":"binary-expr","locations":[{"start":{"line":21,"column":6},"end":{"line":21,"column":12}},{"start":{"line":21,"column":16},"end":{"line":21,"column":53}}]},"2":{"loc":{"start":{"line":25,"column":2},"end":{"line":25,"column":43}},"type":"if","locations":[{"start":{"line":25,"column":2},"end":{"line":25,"column":43}},{"start":{},"end":{}}]},"3":{"loc":{"start":{"line":28,"column":2},"end":{"line":31,"column":3}},"type":"if","locations":[{"start":{"line":28,"column":2},"end":{"line":31,"column":3}},{"start":{},"end":{}}]},"4":{"loc":{"start":{"line":28,"column":6},"end":{"line":28,"column":64}},"type":"binary-expr","locations":[{"start":{"line":28,"column":6},"end":{"line":28,"column":30}},{"start":{"line":28,"column":34},"end":{"line":28,"column":64}}]},"5":{"loc":{"start":{"line":43,"column":2},"end":{"line":47,"column":3}},"type":"if","locations":[{"start":{"line":43,"column":2},"end":{"line":47,"column":3}},{"start":{},"end":{}}]},"6":{"loc":{"start":{"line":51,"column":2},"end":{"line":59,"column":3}},"type":"if","locations":[{"start":{"line":51,"column":2},"end":{"line":59,"column":3}},{"start":{},"end":{}}]},"7":{"loc":{"start":{"line":65,"column":2},"end":{"line":65,"column":62}},"type":"if","locations":[{"start":{"line":65,"column":2},"end":{"line":65,"column":62}},{"start":{},"end":{}}]},"8":{"loc":{"start":{"line":65,"column":6},"end":{"line":65,"column":53}},"type":"binary-expr","locations":[{"start":{"line":65,"column":6},"end":{"line":65,"column":12}},{"start":{"line":65,"column":16},"end":{"line":65,"column":53}}]},"9":{"loc":{"start":{"line":68,"column":2},"end":{"line":71,"column":3}},"type":"if","locations":[{"start":{"line":68,"column":2},"end":{"line":71,"column":3}},{"start":{},"end":{}}]},"10":{"loc":{"start":{"line":83,"column":4},"end":{"line":83,"column":66}},"type":"if","locations":[{"start":{"line":83,"column":4},"end":{"line":83,"column":66}},{"start":{},"end":{}}]},"11":{"loc":{"start":{"line":83,"column":8},"end":{"line":83,"column":57}},"type":"binary-expr","locations":[{"start":{"line":83,"column":8},"end":{"line":83,"column":15}},{"start":{"line":83,"column":19},"end":{"line":83,"column":57}}]},"12":{"loc":{"start":{"line":84,"column":4},"end":{"line":84,"column":90}},"type":"if","locations":[{"start":{"line":84,"column":4},"end":{"line":84,"column":90}},{"start":{},"end":{}}]},"13":{"loc":{"start":{"line":84,"column":8},"end":{"line":84,"column":81}},"type":"binary-expr","locations":[{"start":{"line":84,"column":8},"end":{"line":84,"column":32}},{"start":{"line":84,"column":36},"end":{"line":84,"column":81}}]},"14":{"loc":{"start":{"line":86,"column":4},"end":{"line":86,"column":22}},"type":"if","locations":[{"start":{"line":86,"column":4},"end":{"line":86,"column":22}},{"start":{},"end":{}}]},"15":{"loc":{"start":{"line":94,"column":2},"end":{"line":94,"column":62}},"type":"if","locations":[{"start":{"line":94,"column":2},"end":{"line":94,"column":62}},{"start":{},"end":{}}]},"16":{"loc":{"start":{"line":94,"column":6},"end":{"line":94,"column":53}},"type":"binary-expr","locations":[{"start":{"line":94,"column":6},"end":{"line":94,"column":12}},{"start":{"line":94,"column":16},"end":{"line":94,"column":53}}]},"17":{"loc":{"start":{"line":97,"column":2},"end":{"line":97,"column":48}},"type":"if","locations":[{"start":{"line":97,"column":2},"end":{"line":97,"column":48}},{"start":{},"end":{}}]},"18":{"loc":{"start":{"line":99,"column":2},"end":{"line":99,"column":17}},"type":"if","locations":[{"start":{"line":99,"column":2},"end":{"line":99,"column":17}},{"start":{},"end":{}}]},"19":{"loc":{"start":{"line":119,"column":23},"end":{"line":119,"column":146}},"type":"binary-expr","locations":[{"start":{"line":119,"column":23},"end":{"line":119,"column":32}},{"start":{"line":119,"column":36},"end":{"line":119,"column":70}},{"start":{"line":119,"column":74},"end":{"line":119,"column":146}}]},"20":{"loc":{"start":{"line":120,"column":4},"end":{"line":124,"column":5}},"type":"if","locations":[{"start":{"line":120,"column":4},"end":{"line":124,"column":5}},{"start":{"line":122,"column":11},"end":{"line":124,"column":5}}]},"21":{"loc":{"start":{"line":130,"column":2},"end":{"line":130,"column":21}},"type":"if","locations":[{"start":{"line":130,"column":2},"end":{"line":130,"column":21}},{"start":{},"end":{}}]},"22":{"loc":{"start":{"line":132,"column":2},"end":{"line":132,"column":22}},"type":"if","locations":[{"start":{"line":132,"column":2},"end":{"line":132,"column":22}},{"start":{},"end":{}}]},"23":{"loc":{"start":{"line":135,"column":2},"end":{"line":138,"column":3}},"type":"if","locations":[{"start":{"line":135,"column":2},"end":{"line":138,"column":3}},{"start":{},"end":{}}]},"24":{"loc":{"start":{"line":142,"column":25},"end":{"line":142,"column":49}},"type":"binary-expr","locations":[{"start":{"line":142,"column":25},"end":{"line":142,"column":44}},{"start":{"line":142,"column":48},"end":{"line":142,"column":49}}]},"25":{"loc":{"start":{"line":158,"column":4},"end":{"line":158,"column":62}},"type":"if","locations":[{"start":{"line":158,"column":4},"end":{"line":158,"column":62}},{"start":{},"end":{}}]},"26":{"loc":{"start":{"line":158,"column":8},"end":{"line":158,"column":53}},"type":"binary-expr","locations":[{"start":{"line":158,"column":8},"end":{"line":158,"column":10}},{"start":{"line":158,"column":14},"end":{"line":158,"column":53}}]},"27":{"loc":{"start":{"line":166,"column":6},"end":{"line":166,"column":74}},"type":"if","locations":[{"start":{"line":166,"column":6},"end":{"line":166,"column":74}},{"start":{},"end":{}}]},"28":{"loc":{"start":{"line":166,"column":10},"end":{"line":166,"column":65}},"type":"binary-expr","locations":[{"start":{"line":166,"column":10},"end":{"line":166,"column":17}},{"start":{"line":166,"column":21},"end":{"line":166,"column":65}}]},"29":{"loc":{"start":{"line":167,"column":6},"end":{"line":167,"column":92}},"type":"if","locations":[{"start":{"line":167,"column":6},"end":{"line":167,"column":92}},{"start":{},"end":{}}]},"30":{"loc":{"start":{"line":167,"column":10},"end":{"line":167,"column":83}},"type":"binary-expr","locations":[{"start":{"line":167,"column":10},"end":{"line":167,"column":34}},{"start":{"line":167,"column":38},"end":{"line":167,"column":83}}]},"31":{"loc":{"start":{"line":169,"column":6},"end":{"line":169,"column":24}},"type":"if","locations":[{"start":{"line":169,"column":6},"end":{"line":169,"column":24}},{"start":{},"end":{}}]},"32":{"loc":{"start":{"line":178,"column":2},"end":{"line":178,"column":21}},"type":"if","locations":[{"start":{"line":178,"column":2},"end":{"line":178,"column":21}},{"start":{},"end":{}}]},"33":{"loc":{"start":{"line":182,"column":2},"end":{"line":182,"column":23}},"type":"if","locations":[{"start":{"line":182,"column":2},"end":{"line":182,"column":23}},{"start":{},"end":{}}]},"34":{"loc":{"start":{"line":186,"column":39},"end":{"line":186,"column":57}},"type":"binary-expr","locations":[{"start":{"line":186,"column":39},"end":{"line":186,"column":51}},{"start":{"line":186,"column":55},"end":{"line":186,"column":57}}]},"35":{"loc":{"start":{"line":189,"column":29},"end":{"line":189,"column":58}},"type":"binary-expr","locations":[{"start":{"line":189,"column":29},"end":{"line":189,"column":41}},{"start":{"line":189,"column":45},"end":{"line":189,"column":58}}]},"36":{"loc":{"start":{"line":193,"column":14},"end":{"line":193,"column":91}},"type":"binary-expr","locations":[{"start":{"line":193,"column":14},"end":{"line":193,"column":38}},{"start":{"line":193,"column":42},"end":{"line":193,"column":91}}]},"37":{"loc":{"start":{"line":194,"column":21},"end":{"line":194,"column":95}},"type":"cond-expr","locations":[{"start":{"line":194,"column":59},"end":{"line":194,"column":90}},{"start":{"line":194,"column":93},"end":{"line":194,"column":95}}]},"38":{"loc":{"start":{"line":195,"column":2},"end":{"line":202,"column":3}},"type":"if","locations":[{"start":{"line":195,"column":2},"end":{"line":202,"column":3}},{"start":{},"end":{}}]},"39":{"loc":{"start":{"line":195,"column":6},"end":{"line":195,"column":55}},"type":"binary-expr","locations":[{"start":{"line":195,"column":6},"end":{"line":195,"column":9}},{"start":{"line":195,"column":13},"end":{"line":195,"column":28}},{"start":{"line":195,"column":32},"end":{"line":195,"column":55}}]},"40":{"loc":{"start":{"line":206,"column":4},"end":{"line":208,"column":5}},"type":"if","locations":[{"start":{"line":206,"column":4},"end":{"line":208,"column":5}},{"start":{},"end":{}}]},"41":{"loc":{"start":{"line":207,"column":13},"end":{"line":207,"column":105}},"type":"cond-expr","locations":[{"start":{"line":207,"column":54},"end":{"line":207,"column":88}},{"start":{"line":207,"column":91},"end":{"line":207,"column":105}}]},"42":{"loc":{"start":{"line":221,"column":14},"end":{"line":221,"column":109}},"type":"cond-expr","locations":[{"start":{"line":221,"column":23},"end":{"line":221,"column":97}},{"start":{"line":221,"column":100},"end":{"line":221,"column":109}}]},"43":{"loc":{"start":{"line":224,"column":24},"end":{"line":224,"column":43}},"type":"binary-expr","locations":[{"start":{"line":224,"column":24},"end":{"line":224,"column":36}},{"start":{"line":224,"column":40},"end":{"line":224,"column":43}}]}},"s":{"0":2,"1":2,"2":2,"3":2,"4":2,"5":2,"6":2,"7":2,"8":2,"9":2,"10":2,"11":7,"12":7,"13":3,"14":4,"15":1,"16":3,"17":3,"18":1,"19":2,"20":2,"21":1,"22":2,"23":2,"24":2,"25":2,"26":3,"27":2,"28":2,"29":2,"30":2,"31":2,"32":2,"33":3,"34":3,"35":0,"36":3,"37":4,"38":3,"39":1,"40":1,"41":2,"42":2,"43":2,"44":2,"45":2,"46":2,"47":1,"48":1,"49":0,"50":1,"51":0,"52":1,"53":1,"54":0,"55":1,"56":1,"57":3,"58":3,"59":0,"60":3,"61":3,"62":0,"63":3,"64":3,"65":0,"66":3,"67":3,"68":3,"69":3,"70":3,"71":3,"72":3,"73":3,"74":1,"75":1,"76":1,"77":1,"78":0,"79":2,"80":2,"81":0,"82":2,"83":2,"84":0,"85":2,"86":2,"87":0,"88":0,"89":2,"90":2,"91":2,"92":2,"93":2,"94":2,"95":2,"96":2,"97":2,"98":2,"99":0,"100":0,"101":0,"102":0,"103":0,"104":0,"105":0,"106":0,"107":0,"108":0,"109":0,"110":0,"111":0,"112":0,"113":0,"114":0,"115":0,"116":0,"117":0,"118":4,"119":4,"120":0,"121":4,"122":4,"123":1,"124":3,"125":3,"126":5,"127":7,"128":5,"129":2,"130":3,"131":3,"132":3,"133":1,"134":1,"135":1,"136":1,"137":1,"138":1,"139":2,"140":2,"141":2,"142":2,"143":0,"144":2,"145":2,"146":2,"147":2,"148":0,"149":2},"f":{"0":7,"1":1,"2":2,"3":3,"4":3,"5":4,"6":1,"7":3,"8":1,"9":2,"10":0,"11":0,"12":4,"13":5,"14":7,"15":2,"16":2},"b":{"0":[3,4],"1":[7,5],"2":[1,3],"3":[1,2],"4":[3,2],"5":[2,0],"6":[2,0],"7":[0,3],"8":[3,3],"9":[1,2],"10":[0,1],"11":[1,1],"12":[0,1],"13":[1,1],"14":[0,1],"15":[0,3],"16":[3,3],"17":[0,3],"18":[0,3],"19":[1,1,1],"20":[1,0],"21":[0,2],"22":[0,2],"23":[0,2],"24":[2,2],"25":[0,0],"26":[0,0],"27":[0,0],"28":[0,0],"29":[0,0],"30":[0,0],"31":[0,0],"32":[0,4],"33":[1,3],"34":[3,0],"35":[5,0],"36":[3,2],"37":[3,0],"38":[1,2],"39":[3,1,1],"40":[2,0],"41":[0,2],"42":[2,0],"43":[0,0]}}}}
